2022-02-02 11:27:09,360 [INFO] com.example.UserapiApplicationTests [main] Starting UserapiApplicationTests using Java 1.8.0_312 on manu-pc with PID 20526 (started by manu in /home/manu/Documents/workspace-spring-tool-suite-4-4.12.0.RELEASE/restapi/userapi)
2022-02-02 11:27:09,361 [INFO] com.example.UserapiApplicationTests [main] No active profile set, falling back to default profiles: default
2022-02-02 11:27:09,922 [INFO] org.springframework.data.repository.config.RepositoryConfigurationDelegate [main] Multiple Spring Data modules found, entering strict repository configuration mode!
2022-02-02 11:27:09,924 [INFO] org.springframework.data.repository.config.RepositoryConfigurationDelegate [main] Bootstrapping Spring Data JDBC repositories in DEFAULT mode.
2022-02-02 11:27:09,933 [INFO] org.springframework.data.repository.config.RepositoryConfigurationDelegate [main] Finished Spring Data repository scanning in 5 ms. Found 0 JDBC repository interfaces.
2022-02-02 11:27:09,949 [INFO] org.springframework.data.repository.config.RepositoryConfigurationDelegate [main] Multiple Spring Data modules found, entering strict repository configuration mode!
2022-02-02 11:27:09,951 [INFO] org.springframework.data.repository.config.RepositoryConfigurationDelegate [main] Bootstrapping Spring Data JPA repositories in DEFAULT mode.
2022-02-02 11:27:09,960 [INFO] org.springframework.data.repository.config.RepositoryConfigurationDelegate [main] Finished Spring Data repository scanning in 3 ms. Found 0 JPA repository interfaces.
2022-02-02 11:27:10,616 [INFO] com.zaxxer.hikari.HikariDataSource [main] HikariPool-1 - Starting...
2022-02-02 11:27:10,900 [INFO] com.zaxxer.hikari.HikariDataSource [main] HikariPool-1 - Start completed.
2022-02-02 11:27:10,976 [INFO] org.hibernate.jpa.internal.util.LogHelper [main] HHH000204: Processing PersistenceUnitInfo [name: default]
2022-02-02 11:27:11,036 [INFO] org.hibernate.Version [main] HHH000412: Hibernate ORM core version 5.6.4.Final
2022-02-02 11:27:11,226 [INFO] org.hibernate.annotations.common.Version [main] HCANN000001: Hibernate Commons Annotations {5.1.2.Final}
2022-02-02 11:27:11,376 [INFO] org.hibernate.dialect.Dialect [main] HHH000400: Using dialect: org.hibernate.dialect.H2Dialect
2022-02-02 11:27:11,651 [INFO] org.hibernate.engine.transaction.jta.platform.internal.JtaPlatformInitiator [main] HHH000490: Using JtaPlatform implementation: [org.hibernate.engine.transaction.jta.platform.internal.NoJtaPlatform]
2022-02-02 11:27:11,661 [INFO] org.springframework.orm.jpa.LocalContainerEntityManagerFactoryBean [main] Initialized JPA EntityManagerFactory for persistence unit 'default'
2022-02-02 11:27:11,920 [WARN] org.springframework.boot.autoconfigure.orm.jpa.JpaBaseConfiguration$JpaWebConfiguration [main] spring.jpa.open-in-view is enabled by default. Therefore, database queries may be performed during view rendering. Explicitly configure spring.jpa.open-in-view to disable this warning
2022-02-02 11:27:12,235 [INFO] org.springframework.boot.autoconfigure.h2.H2ConsoleAutoConfiguration [main] H2 console available at '/h2-console'. Database available at 'jdbc:h2:mem:testdb'
2022-02-02 11:27:12,684 [INFO] com.example.UserapiApplicationTests [main] Started UserapiApplicationTests in 3.624 seconds (JVM running for 4.451)
2022-02-02 11:27:12,826 [INFO] org.springframework.orm.jpa.LocalContainerEntityManagerFactoryBean [SpringApplicationShutdownHook] Closing JPA EntityManagerFactory for persistence unit 'default'
2022-02-02 11:27:12,827 [INFO] org.hibernate.tool.schema.internal.SchemaDropperImpl$DelayedDropActionImpl [SpringApplicationShutdownHook] HHH000477: Starting delayed evictData of schema as part of SessionFactory shut-down'
2022-02-02 11:27:12,831 [INFO] com.zaxxer.hikari.HikariDataSource [SpringApplicationShutdownHook] HikariPool-1 - Shutdown initiated...
2022-02-02 11:27:12,835 [INFO] com.zaxxer.hikari.HikariDataSource [SpringApplicationShutdownHook] HikariPool-1 - Shutdown completed.
2022-02-02 11:27:27,931 [INFO] com.example.UserapiApplication [main] Starting UserapiApplication v0.0.1 using Java 11.0.13 on manu-pc with PID 20608 (/home/manu/Documents/workspace-spring-tool-suite-4-4.12.0.RELEASE/restapi/userapi/target/userapi-0.0.1.jar started by manu in /home/manu/Documents/workspace-spring-tool-suite-4-4.12.0.RELEASE/restapi/userapi)
2022-02-02 11:27:27,933 [INFO] com.example.UserapiApplication [main] No active profile set, falling back to default profiles: default
2022-02-02 11:27:28,681 [INFO] org.springframework.data.repository.config.RepositoryConfigurationDelegate [main] Multiple Spring Data modules found, entering strict repository configuration mode!
2022-02-02 11:27:28,682 [INFO] org.springframework.data.repository.config.RepositoryConfigurationDelegate [main] Bootstrapping Spring Data JDBC repositories in DEFAULT mode.
2022-02-02 11:27:28,691 [INFO] org.springframework.data.repository.config.RepositoryConfigurationDelegate [main] Finished Spring Data repository scanning in 5 ms. Found 0 JDBC repository interfaces.
2022-02-02 11:27:28,704 [INFO] org.springframework.data.repository.config.RepositoryConfigurationDelegate [main] Multiple Spring Data modules found, entering strict repository configuration mode!
2022-02-02 11:27:28,708 [INFO] org.springframework.data.repository.config.RepositoryConfigurationDelegate [main] Bootstrapping Spring Data JPA repositories in DEFAULT mode.
2022-02-02 11:27:28,718 [INFO] org.springframework.data.repository.config.RepositoryConfigurationDelegate [main] Finished Spring Data repository scanning in 1 ms. Found 0 JPA repository interfaces.
2022-02-02 11:27:29,487 [INFO] org.springframework.boot.web.embedded.tomcat.TomcatWebServer [main] Tomcat initialized with port(s): 9001 (http)
2022-02-02 11:27:29,506 [INFO] org.apache.catalina.core.StandardService [main] Starting service [Tomcat]
2022-02-02 11:27:29,507 [INFO] org.apache.catalina.core.StandardEngine [main] Starting Servlet engine: [Apache Tomcat/9.0.56]
2022-02-02 11:27:29,583 [INFO] org.apache.catalina.core.ContainerBase.[Tomcat].[localhost].[/] [main] Initializing Spring embedded WebApplicationContext
2022-02-02 11:27:29,583 [INFO] org.springframework.boot.web.servlet.context.ServletWebServerApplicationContext [main] Root WebApplicationContext: initialization completed in 1570 ms
2022-02-02 11:27:29,638 [INFO] com.zaxxer.hikari.HikariDataSource [main] HikariPool-1 - Starting...
2022-02-02 11:27:29,894 [INFO] com.zaxxer.hikari.HikariDataSource [main] HikariPool-1 - Start completed.
2022-02-02 11:27:29,910 [INFO] org.springframework.boot.autoconfigure.h2.H2ConsoleAutoConfiguration [main] H2 console available at '/h2-console'. Database available at 'jdbc:h2:mem:testdb'
2022-02-02 11:27:30,111 [INFO] org.hibernate.jpa.internal.util.LogHelper [main] HHH000204: Processing PersistenceUnitInfo [name: default]
2022-02-02 11:27:30,179 [INFO] org.hibernate.Version [main] HHH000412: Hibernate ORM core version 5.6.4.Final
2022-02-02 11:27:30,413 [INFO] org.hibernate.annotations.common.Version [main] HCANN000001: Hibernate Commons Annotations {5.1.2.Final}
2022-02-02 11:27:30,556 [INFO] org.hibernate.dialect.Dialect [main] HHH000400: Using dialect: org.hibernate.dialect.H2Dialect
2022-02-02 11:27:30,822 [INFO] org.hibernate.engine.transaction.jta.platform.internal.JtaPlatformInitiator [main] HHH000490: Using JtaPlatform implementation: [org.hibernate.engine.transaction.jta.platform.internal.NoJtaPlatform]
2022-02-02 11:27:30,832 [INFO] org.springframework.orm.jpa.LocalContainerEntityManagerFactoryBean [main] Initialized JPA EntityManagerFactory for persistence unit 'default'
2022-02-02 11:27:30,896 [WARN] org.springframework.boot.autoconfigure.orm.jpa.JpaBaseConfiguration$JpaWebConfiguration [main] spring.jpa.open-in-view is enabled by default. Therefore, database queries may be performed during view rendering. Explicitly configure spring.jpa.open-in-view to disable this warning
2022-02-02 11:27:31,455 [INFO] org.springframework.boot.web.embedded.tomcat.TomcatWebServer [main] Tomcat started on port(s): 9001 (http) with context path ''
2022-02-02 11:27:31,469 [INFO] com.example.UserapiApplication [main] Started UserapiApplication in 4.158 seconds (JVM running for 4.668)
2022-02-02 11:27:56,784 [INFO] org.apache.catalina.core.ContainerBase.[Tomcat].[localhost].[/] [http-nio-9001-exec-1] Initializing Spring DispatcherServlet 'dispatcherServlet'
2022-02-02 11:27:56,785 [INFO] org.springframework.web.servlet.DispatcherServlet [http-nio-9001-exec-1] Initializing Servlet 'dispatcherServlet'
2022-02-02 11:27:56,787 [INFO] org.springframework.web.servlet.DispatcherServlet [http-nio-9001-exec-1] Completed initialization in 2 ms
2022-02-02 11:30:00,361 [INFO] org.springframework.orm.jpa.LocalContainerEntityManagerFactoryBean [SpringApplicationShutdownHook] Closing JPA EntityManagerFactory for persistence unit 'default'
2022-02-02 11:30:00,361 [INFO] org.hibernate.tool.schema.internal.SchemaDropperImpl$DelayedDropActionImpl [SpringApplicationShutdownHook] HHH000477: Starting delayed evictData of schema as part of SessionFactory shut-down'
2022-02-02 11:30:00,364 [INFO] com.zaxxer.hikari.HikariDataSource [SpringApplicationShutdownHook] HikariPool-1 - Shutdown initiated...
2022-02-02 11:30:00,367 [INFO] com.zaxxer.hikari.HikariDataSource [SpringApplicationShutdownHook] HikariPool-1 - Shutdown completed.
2022-02-02 11:30:08,644 [INFO] com.example.UserapiApplicationTests [main] Starting UserapiApplicationTests using Java 1.8.0_312 on manu-pc with PID 20918 (started by manu in /home/manu/Documents/workspace-spring-tool-suite-4-4.12.0.RELEASE/restapi/userapi)
2022-02-02 11:30:08,645 [INFO] com.example.UserapiApplicationTests [main] No active profile set, falling back to default profiles: default
2022-02-02 11:30:09,251 [INFO] org.springframework.data.repository.config.RepositoryConfigurationDelegate [main] Multiple Spring Data modules found, entering strict repository configuration mode!
2022-02-02 11:30:09,252 [INFO] org.springframework.data.repository.config.RepositoryConfigurationDelegate [main] Bootstrapping Spring Data JDBC repositories in DEFAULT mode.
2022-02-02 11:30:09,263 [INFO] org.springframework.data.repository.config.RepositoryConfigurationDelegate [main] Finished Spring Data repository scanning in 5 ms. Found 0 JDBC repository interfaces.
2022-02-02 11:30:09,277 [INFO] org.springframework.data.repository.config.RepositoryConfigurationDelegate [main] Multiple Spring Data modules found, entering strict repository configuration mode!
2022-02-02 11:30:09,280 [INFO] org.springframework.data.repository.config.RepositoryConfigurationDelegate [main] Bootstrapping Spring Data JPA repositories in DEFAULT mode.
2022-02-02 11:30:09,288 [INFO] org.springframework.data.repository.config.RepositoryConfigurationDelegate [main] Finished Spring Data repository scanning in 1 ms. Found 0 JPA repository interfaces.
2022-02-02 11:30:09,879 [INFO] com.zaxxer.hikari.HikariDataSource [main] HikariPool-1 - Starting...
2022-02-02 11:30:10,192 [INFO] com.zaxxer.hikari.HikariDataSource [main] HikariPool-1 - Start completed.
2022-02-02 11:30:10,266 [INFO] org.hibernate.jpa.internal.util.LogHelper [main] HHH000204: Processing PersistenceUnitInfo [name: default]
2022-02-02 11:30:10,331 [INFO] org.hibernate.Version [main] HHH000412: Hibernate ORM core version 5.6.4.Final
2022-02-02 11:30:10,518 [INFO] org.hibernate.annotations.common.Version [main] HCANN000001: Hibernate Commons Annotations {5.1.2.Final}
2022-02-02 11:30:10,649 [INFO] org.hibernate.dialect.Dialect [main] HHH000400: Using dialect: org.hibernate.dialect.H2Dialect
2022-02-02 11:30:10,921 [INFO] org.hibernate.engine.transaction.jta.platform.internal.JtaPlatformInitiator [main] HHH000490: Using JtaPlatform implementation: [org.hibernate.engine.transaction.jta.platform.internal.NoJtaPlatform]
2022-02-02 11:30:10,933 [INFO] org.springframework.orm.jpa.LocalContainerEntityManagerFactoryBean [main] Initialized JPA EntityManagerFactory for persistence unit 'default'
2022-02-02 11:30:11,214 [WARN] org.springframework.boot.autoconfigure.orm.jpa.JpaBaseConfiguration$JpaWebConfiguration [main] spring.jpa.open-in-view is enabled by default. Therefore, database queries may be performed during view rendering. Explicitly configure spring.jpa.open-in-view to disable this warning
2022-02-02 11:30:11,576 [INFO] org.springframework.boot.autoconfigure.h2.H2ConsoleAutoConfiguration [main] H2 console available at '/h2-console'. Database available at 'jdbc:h2:mem:testdb'
2022-02-02 11:30:12,000 [INFO] com.example.UserapiApplicationTests [main] Started UserapiApplicationTests in 3.631 seconds (JVM running for 4.463)
2022-02-02 11:30:12,140 [INFO] org.springframework.orm.jpa.LocalContainerEntityManagerFactoryBean [SpringApplicationShutdownHook] Closing JPA EntityManagerFactory for persistence unit 'default'
2022-02-02 11:30:12,141 [INFO] org.hibernate.tool.schema.internal.SchemaDropperImpl$DelayedDropActionImpl [SpringApplicationShutdownHook] HHH000477: Starting delayed evictData of schema as part of SessionFactory shut-down'
2022-02-02 11:30:12,144 [INFO] com.zaxxer.hikari.HikariDataSource [SpringApplicationShutdownHook] HikariPool-1 - Shutdown initiated...
2022-02-02 11:30:12,148 [INFO] com.zaxxer.hikari.HikariDataSource [SpringApplicationShutdownHook] HikariPool-1 - Shutdown completed.
2022-02-02 11:30:16,212 [INFO] com.example.UserapiApplication [main] Starting UserapiApplication v0.0.1 using Java 11.0.13 on manu-pc with PID 20999 (/home/manu/Documents/workspace-spring-tool-suite-4-4.12.0.RELEASE/restapi/userapi/target/userapi-0.0.1.jar started by manu in /home/manu/Documents/workspace-spring-tool-suite-4-4.12.0.RELEASE/restapi/userapi)
2022-02-02 11:30:16,215 [INFO] com.example.UserapiApplication [main] No active profile set, falling back to default profiles: default
2022-02-02 11:30:17,003 [INFO] org.springframework.data.repository.config.RepositoryConfigurationDelegate [main] Multiple Spring Data modules found, entering strict repository configuration mode!
2022-02-02 11:30:17,004 [INFO] org.springframework.data.repository.config.RepositoryConfigurationDelegate [main] Bootstrapping Spring Data JDBC repositories in DEFAULT mode.
2022-02-02 11:30:17,018 [INFO] org.springframework.data.repository.config.RepositoryConfigurationDelegate [main] Finished Spring Data repository scanning in 8 ms. Found 0 JDBC repository interfaces.
2022-02-02 11:30:17,036 [INFO] org.springframework.data.repository.config.RepositoryConfigurationDelegate [main] Multiple Spring Data modules found, entering strict repository configuration mode!
2022-02-02 11:30:17,039 [INFO] org.springframework.data.repository.config.RepositoryConfigurationDelegate [main] Bootstrapping Spring Data JPA repositories in DEFAULT mode.
2022-02-02 11:30:17,050 [INFO] org.springframework.data.repository.config.RepositoryConfigurationDelegate [main] Finished Spring Data repository scanning in 2 ms. Found 0 JPA repository interfaces.
2022-02-02 11:30:17,738 [INFO] org.springframework.boot.web.embedded.tomcat.TomcatWebServer [main] Tomcat initialized with port(s): 9001 (http)
2022-02-02 11:30:17,755 [INFO] org.apache.catalina.core.StandardService [main] Starting service [Tomcat]
2022-02-02 11:30:17,755 [INFO] org.apache.catalina.core.StandardEngine [main] Starting Servlet engine: [Apache Tomcat/9.0.56]
2022-02-02 11:30:17,825 [INFO] org.apache.catalina.core.ContainerBase.[Tomcat].[localhost].[/] [main] Initializing Spring embedded WebApplicationContext
2022-02-02 11:30:17,825 [INFO] org.springframework.boot.web.servlet.context.ServletWebServerApplicationContext [main] Root WebApplicationContext: initialization completed in 1523 ms
2022-02-02 11:30:17,881 [INFO] com.zaxxer.hikari.HikariDataSource [main] HikariPool-1 - Starting...
2022-02-02 11:30:18,167 [INFO] com.zaxxer.hikari.HikariDataSource [main] HikariPool-1 - Start completed.
2022-02-02 11:30:18,184 [INFO] org.springframework.boot.autoconfigure.h2.H2ConsoleAutoConfiguration [main] H2 console available at '/h2-console'. Database available at 'jdbc:h2:mem:testdb'
2022-02-02 11:30:18,374 [INFO] org.hibernate.jpa.internal.util.LogHelper [main] HHH000204: Processing PersistenceUnitInfo [name: default]
2022-02-02 11:30:18,432 [INFO] org.hibernate.Version [main] HHH000412: Hibernate ORM core version 5.6.4.Final
2022-02-02 11:30:18,637 [INFO] org.hibernate.annotations.common.Version [main] HCANN000001: Hibernate Commons Annotations {5.1.2.Final}
2022-02-02 11:30:18,786 [INFO] org.hibernate.dialect.Dialect [main] HHH000400: Using dialect: org.hibernate.dialect.H2Dialect
2022-02-02 11:30:19,059 [INFO] org.hibernate.engine.transaction.jta.platform.internal.JtaPlatformInitiator [main] HHH000490: Using JtaPlatform implementation: [org.hibernate.engine.transaction.jta.platform.internal.NoJtaPlatform]
2022-02-02 11:30:19,067 [INFO] org.springframework.orm.jpa.LocalContainerEntityManagerFactoryBean [main] Initialized JPA EntityManagerFactory for persistence unit 'default'
2022-02-02 11:30:19,125 [WARN] org.springframework.boot.autoconfigure.orm.jpa.JpaBaseConfiguration$JpaWebConfiguration [main] spring.jpa.open-in-view is enabled by default. Therefore, database queries may be performed during view rendering. Explicitly configure spring.jpa.open-in-view to disable this warning
2022-02-02 11:30:19,665 [INFO] org.springframework.boot.web.embedded.tomcat.TomcatWebServer [main] Tomcat started on port(s): 9001 (http) with context path ''
2022-02-02 11:30:19,678 [INFO] com.example.UserapiApplication [main] Started UserapiApplication in 4.088 seconds (JVM running for 4.619)
2022-02-02 11:30:53,422 [INFO] org.apache.catalina.core.ContainerBase.[Tomcat].[localhost].[/] [http-nio-9001-exec-2] Initializing Spring DispatcherServlet 'dispatcherServlet'
2022-02-02 11:30:53,423 [INFO] org.springframework.web.servlet.DispatcherServlet [http-nio-9001-exec-2] Initializing Servlet 'dispatcherServlet'
2022-02-02 11:30:53,424 [INFO] org.springframework.web.servlet.DispatcherServlet [http-nio-9001-exec-2] Completed initialization in 1 ms
2022-02-02 11:34:52,926 [INFO] org.springframework.orm.jpa.LocalContainerEntityManagerFactoryBean [SpringApplicationShutdownHook] Closing JPA EntityManagerFactory for persistence unit 'default'
2022-02-02 11:34:52,926 [INFO] org.hibernate.tool.schema.internal.SchemaDropperImpl$DelayedDropActionImpl [SpringApplicationShutdownHook] HHH000477: Starting delayed evictData of schema as part of SessionFactory shut-down'
2022-02-02 11:34:52,929 [INFO] com.zaxxer.hikari.HikariDataSource [SpringApplicationShutdownHook] HikariPool-1 - Shutdown initiated...
2022-02-02 11:34:52,932 [INFO] com.zaxxer.hikari.HikariDataSource [SpringApplicationShutdownHook] HikariPool-1 - Shutdown completed.
2022-02-02 11:35:05,354 [INFO] com.example.UserapiApplication [main] Starting UserapiApplication using Java 16.0.2 on manu-pc with PID 21409 (/home/manu/Documents/workspace-spring-tool-suite-4-4.12.0.RELEASE/restapi/userapi/target/classes started by manu in /home/manu/Documents/workspace-spring-tool-suite-4-4.12.0.RELEASE/restapi/userapi)
2022-02-02 11:35:05,356 [INFO] com.example.UserapiApplication [main] No active profile set, falling back to default profiles: default
2022-02-02 11:35:05,829 [INFO] org.springframework.data.repository.config.RepositoryConfigurationDelegate [main] Multiple Spring Data modules found, entering strict repository configuration mode!
2022-02-02 11:35:05,830 [INFO] org.springframework.data.repository.config.RepositoryConfigurationDelegate [main] Bootstrapping Spring Data JDBC repositories in DEFAULT mode.
2022-02-02 11:35:05,836 [INFO] org.springframework.data.repository.config.RepositoryConfigurationDelegate [main] Finished Spring Data repository scanning in 3 ms. Found 0 JDBC repository interfaces.
2022-02-02 11:35:05,842 [INFO] org.springframework.data.repository.config.RepositoryConfigurationDelegate [main] Multiple Spring Data modules found, entering strict repository configuration mode!
2022-02-02 11:35:05,844 [INFO] org.springframework.data.repository.config.RepositoryConfigurationDelegate [main] Bootstrapping Spring Data JPA repositories in DEFAULT mode.
2022-02-02 11:35:05,848 [INFO] org.springframework.data.repository.config.RepositoryConfigurationDelegate [main] Finished Spring Data repository scanning in 0 ms. Found 0 JPA repository interfaces.
2022-02-02 11:35:06,218 [INFO] org.springframework.boot.web.embedded.tomcat.TomcatWebServer [main] Tomcat initialized with port(s): 9001 (http)
2022-02-02 11:35:06,226 [INFO] org.apache.catalina.core.StandardService [main] Starting service [Tomcat]
2022-02-02 11:35:06,226 [INFO] org.apache.catalina.core.StandardEngine [main] Starting Servlet engine: [Apache Tomcat/9.0.56]
2022-02-02 11:35:06,293 [INFO] org.apache.catalina.core.ContainerBase.[Tomcat].[localhost].[/] [main] Initializing Spring embedded WebApplicationContext
2022-02-02 11:35:06,293 [INFO] org.springframework.boot.web.servlet.context.ServletWebServerApplicationContext [main] Root WebApplicationContext: initialization completed in 903 ms
2022-02-02 11:35:06,319 [INFO] com.zaxxer.hikari.HikariDataSource [main] HikariPool-1 - Starting...
2022-02-02 11:35:06,468 [INFO] com.zaxxer.hikari.HikariDataSource [main] HikariPool-1 - Start completed.
2022-02-02 11:35:06,478 [INFO] org.springframework.boot.autoconfigure.h2.H2ConsoleAutoConfiguration [main] H2 console available at '/h2-console'. Database available at 'jdbc:h2:mem:testdb'
2022-02-02 11:35:06,599 [INFO] org.hibernate.jpa.internal.util.LogHelper [main] HHH000204: Processing PersistenceUnitInfo [name: default]
2022-02-02 11:35:06,635 [INFO] org.hibernate.Version [main] HHH000412: Hibernate ORM core version 5.6.4.Final
2022-02-02 11:35:06,758 [INFO] org.hibernate.annotations.common.Version [main] HCANN000001: Hibernate Commons Annotations {5.1.2.Final}
2022-02-02 11:35:06,834 [INFO] org.hibernate.dialect.Dialect [main] HHH000400: Using dialect: org.hibernate.dialect.H2Dialect
2022-02-02 11:35:06,982 [INFO] org.hibernate.engine.transaction.jta.platform.internal.JtaPlatformInitiator [main] HHH000490: Using JtaPlatform implementation: [org.hibernate.engine.transaction.jta.platform.internal.NoJtaPlatform]
2022-02-02 11:35:06,988 [INFO] org.springframework.orm.jpa.LocalContainerEntityManagerFactoryBean [main] Initialized JPA EntityManagerFactory for persistence unit 'default'
2022-02-02 11:35:07,015 [WARN] org.springframework.boot.autoconfigure.orm.jpa.JpaBaseConfiguration$JpaWebConfiguration [main] spring.jpa.open-in-view is enabled by default. Therefore, database queries may be performed during view rendering. Explicitly configure spring.jpa.open-in-view to disable this warning
2022-02-02 11:35:07,320 [INFO] org.springframework.boot.web.embedded.tomcat.TomcatWebServer [main] Tomcat started on port(s): 9001 (http) with context path ''
2022-02-02 11:35:07,333 [INFO] com.example.UserapiApplication [main] Started UserapiApplication in 2.272 seconds (JVM running for 2.91)
2022-02-02 11:35:13,797 [INFO] org.apache.catalina.core.ContainerBase.[Tomcat].[localhost].[/] [http-nio-9001-exec-1] Initializing Spring DispatcherServlet 'dispatcherServlet'
2022-02-02 11:35:13,798 [INFO] org.springframework.web.servlet.DispatcherServlet [http-nio-9001-exec-1] Initializing Servlet 'dispatcherServlet'
2022-02-02 11:35:13,801 [INFO] org.springframework.web.servlet.DispatcherServlet [http-nio-9001-exec-1] Completed initialization in 3 ms
2022-02-02 11:35:20,757 [INFO] org.springframework.boot.admin.SpringApplicationAdminMXBeanRegistrar$SpringApplicationAdmin [RMI TCP Connection(8)-127.0.0.1] Application shutdown requested.
2022-02-02 11:35:20,785 [INFO] org.springframework.orm.jpa.LocalContainerEntityManagerFactoryBean [RMI TCP Connection(8)-127.0.0.1] Closing JPA EntityManagerFactory for persistence unit 'default'
2022-02-02 11:35:20,786 [INFO] org.hibernate.tool.schema.internal.SchemaDropperImpl$DelayedDropActionImpl [RMI TCP Connection(8)-127.0.0.1] HHH000477: Starting delayed evictData of schema as part of SessionFactory shut-down'
2022-02-02 11:35:20,788 [INFO] com.zaxxer.hikari.HikariDataSource [RMI TCP Connection(8)-127.0.0.1] HikariPool-1 - Shutdown initiated...
2022-02-02 11:35:20,791 [INFO] com.zaxxer.hikari.HikariDataSource [RMI TCP Connection(8)-127.0.0.1] HikariPool-1 - Shutdown completed.
2022-02-02 11:39:37,051 [INFO] com.example.UserapiApplicationTests [main] Starting UserapiApplicationTests using Java 1.8.0_312 on manu-pc with PID 21808 (started by manu in /home/manu/Documents/workspace-spring-tool-suite-4-4.12.0.RELEASE/restapi/userapi)
2022-02-02 11:39:37,052 [INFO] com.example.UserapiApplicationTests [main] No active profile set, falling back to default profiles: default
2022-02-02 11:39:37,656 [INFO] org.springframework.data.repository.config.RepositoryConfigurationDelegate [main] Multiple Spring Data modules found, entering strict repository configuration mode!
2022-02-02 11:39:37,658 [INFO] org.springframework.data.repository.config.RepositoryConfigurationDelegate [main] Bootstrapping Spring Data JDBC repositories in DEFAULT mode.
2022-02-02 11:39:37,692 [INFO] org.springframework.data.repository.config.RepositoryConfigurationExtensionSupport [main] Spring Data JDBC - Could not safely identify store assignment for repository candidate interface com.example.repository.UserRepo. If you want this repository to be a JDBC repository, consider annotating your entities with one of these annotations: org.springframework.data.relational.core.mapping.Table.
2022-02-02 11:39:37,693 [INFO] org.springframework.data.repository.config.RepositoryConfigurationDelegate [main] Finished Spring Data repository scanning in 30 ms. Found 0 JDBC repository interfaces.
2022-02-02 11:39:37,708 [INFO] org.springframework.data.repository.config.RepositoryConfigurationDelegate [main] Multiple Spring Data modules found, entering strict repository configuration mode!
2022-02-02 11:39:37,710 [INFO] org.springframework.data.repository.config.RepositoryConfigurationDelegate [main] Bootstrapping Spring Data JPA repositories in DEFAULT mode.
2022-02-02 11:39:37,745 [INFO] org.springframework.data.repository.config.RepositoryConfigurationDelegate [main] Finished Spring Data repository scanning in 29 ms. Found 1 JPA repository interfaces.
2022-02-02 11:39:38,349 [INFO] com.zaxxer.hikari.HikariDataSource [main] HikariPool-1 - Starting...
2022-02-02 11:39:38,681 [INFO] com.zaxxer.hikari.HikariDataSource [main] HikariPool-1 - Start completed.
2022-02-02 11:39:38,771 [INFO] org.hibernate.jpa.internal.util.LogHelper [main] HHH000204: Processing PersistenceUnitInfo [name: default]
2022-02-02 11:39:38,838 [INFO] org.hibernate.Version [main] HHH000412: Hibernate ORM core version 5.6.4.Final
2022-02-02 11:39:39,020 [INFO] org.hibernate.annotations.common.Version [main] HCANN000001: Hibernate Commons Annotations {5.1.2.Final}
2022-02-02 11:39:39,154 [INFO] org.hibernate.dialect.Dialect [main] HHH000400: Using dialect: org.hibernate.dialect.H2Dialect
2022-02-02 11:39:39,748 [INFO] org.hibernate.engine.transaction.jta.platform.internal.JtaPlatformInitiator [main] HHH000490: Using JtaPlatform implementation: [org.hibernate.engine.transaction.jta.platform.internal.NoJtaPlatform]
2022-02-02 11:39:39,759 [INFO] org.springframework.orm.jpa.LocalContainerEntityManagerFactoryBean [main] Initialized JPA EntityManagerFactory for persistence unit 'default'
2022-02-02 11:39:40,379 [WARN] org.springframework.boot.autoconfigure.orm.jpa.JpaBaseConfiguration$JpaWebConfiguration [main] spring.jpa.open-in-view is enabled by default. Therefore, database queries may be performed during view rendering. Explicitly configure spring.jpa.open-in-view to disable this warning
2022-02-02 11:39:40,697 [INFO] org.springframework.boot.autoconfigure.h2.H2ConsoleAutoConfiguration [main] H2 console available at '/h2-console'. Database available at 'jdbc:h2:mem:testdb'
2022-02-02 11:39:41,141 [INFO] com.example.UserapiApplicationTests [main] Started UserapiApplicationTests in 4.345 seconds (JVM running for 5.213)
2022-02-02 11:39:41,282 [INFO] org.springframework.orm.jpa.LocalContainerEntityManagerFactoryBean [SpringApplicationShutdownHook] Closing JPA EntityManagerFactory for persistence unit 'default'
2022-02-02 11:39:41,283 [INFO] org.hibernate.tool.schema.internal.SchemaDropperImpl$DelayedDropActionImpl [SpringApplicationShutdownHook] HHH000477: Starting delayed evictData of schema as part of SessionFactory shut-down'
2022-02-02 11:39:41,285 [WARN] org.hibernate.engine.jdbc.spi.SqlExceptionHelper [SpringApplicationShutdownHook] SQL Error: 90121, SQLState: 90121
2022-02-02 11:39:41,285 [ERROR] org.hibernate.engine.jdbc.spi.SqlExceptionHelper [SpringApplicationShutdownHook] Database is already closed (to disable automatic closing at VM shutdown, add ";DB_CLOSE_ON_EXIT=FALSE" to the db URL) [90121-200]
2022-02-02 11:39:41,286 [WARN] org.hibernate.engine.jdbc.spi.SqlExceptionHelper [SpringApplicationShutdownHook] SQL Error: 90121, SQLState: 90121
2022-02-02 11:39:41,287 [ERROR] org.hibernate.engine.jdbc.spi.SqlExceptionHelper [SpringApplicationShutdownHook] Database is already closed (to disable automatic closing at VM shutdown, add ";DB_CLOSE_ON_EXIT=FALSE" to the db URL) [90121-200]
2022-02-02 11:39:41,287 [WARN] org.springframework.beans.factory.support.DisposableBeanAdapter [SpringApplicationShutdownHook] Invocation of destroy method failed on bean with name 'entityManagerFactory': org.hibernate.exception.JDBCConnectionException: Unable to release JDBC Connection used for DDL execution
2022-02-02 11:39:41,288 [INFO] com.zaxxer.hikari.HikariDataSource [SpringApplicationShutdownHook] HikariPool-1 - Shutdown initiated...
2022-02-02 11:39:41,295 [INFO] com.zaxxer.hikari.HikariDataSource [SpringApplicationShutdownHook] HikariPool-1 - Shutdown completed.
2022-02-02 11:39:56,494 [INFO] com.example.UserapiApplication [main] Starting UserapiApplication v0.0.1 using Java 11.0.13 on manu-pc with PID 21891 (/home/manu/Documents/workspace-spring-tool-suite-4-4.12.0.RELEASE/restapi/userapi/target/userapi-0.0.1.jar started by manu in /home/manu/Documents/workspace-spring-tool-suite-4-4.12.0.RELEASE/restapi/userapi)
2022-02-02 11:39:56,497 [INFO] com.example.UserapiApplication [main] No active profile set, falling back to default profiles: default
2022-02-02 11:39:57,372 [INFO] org.springframework.data.repository.config.RepositoryConfigurationDelegate [main] Multiple Spring Data modules found, entering strict repository configuration mode!
2022-02-02 11:39:57,374 [INFO] org.springframework.data.repository.config.RepositoryConfigurationDelegate [main] Bootstrapping Spring Data JDBC repositories in DEFAULT mode.
2022-02-02 11:39:57,415 [INFO] org.springframework.data.repository.config.RepositoryConfigurationExtensionSupport [main] Spring Data JDBC - Could not safely identify store assignment for repository candidate interface com.example.repository.UserRepo. If you want this repository to be a JDBC repository, consider annotating your entities with one of these annotations: org.springframework.data.relational.core.mapping.Table.
2022-02-02 11:39:57,417 [INFO] org.springframework.data.repository.config.RepositoryConfigurationDelegate [main] Finished Spring Data repository scanning in 36 ms. Found 0 JDBC repository interfaces.
2022-02-02 11:39:57,440 [INFO] org.springframework.data.repository.config.RepositoryConfigurationDelegate [main] Multiple Spring Data modules found, entering strict repository configuration mode!
2022-02-02 11:39:57,442 [INFO] org.springframework.data.repository.config.RepositoryConfigurationDelegate [main] Bootstrapping Spring Data JPA repositories in DEFAULT mode.
2022-02-02 11:39:57,511 [INFO] org.springframework.data.repository.config.RepositoryConfigurationDelegate [main] Finished Spring Data repository scanning in 61 ms. Found 1 JPA repository interfaces.
2022-02-02 11:39:58,349 [INFO] org.springframework.boot.web.embedded.tomcat.TomcatWebServer [main] Tomcat initialized with port(s): 9001 (http)
2022-02-02 11:39:58,366 [INFO] org.apache.catalina.core.StandardService [main] Starting service [Tomcat]
2022-02-02 11:39:58,367 [INFO] org.apache.catalina.core.StandardEngine [main] Starting Servlet engine: [Apache Tomcat/9.0.56]
2022-02-02 11:39:58,438 [INFO] org.apache.catalina.core.ContainerBase.[Tomcat].[localhost].[/] [main] Initializing Spring embedded WebApplicationContext
2022-02-02 11:39:58,438 [INFO] org.springframework.boot.web.servlet.context.ServletWebServerApplicationContext [main] Root WebApplicationContext: initialization completed in 1870 ms
2022-02-02 11:39:58,487 [INFO] com.zaxxer.hikari.HikariDataSource [main] HikariPool-1 - Starting...
2022-02-02 11:39:58,732 [INFO] com.zaxxer.hikari.HikariDataSource [main] HikariPool-1 - Start completed.
2022-02-02 11:39:58,746 [INFO] org.springframework.boot.autoconfigure.h2.H2ConsoleAutoConfiguration [main] H2 console available at '/h2-console'. Database available at 'jdbc:h2:mem:testdb'
2022-02-02 11:39:59,003 [INFO] org.hibernate.jpa.internal.util.LogHelper [main] HHH000204: Processing PersistenceUnitInfo [name: default]
2022-02-02 11:39:59,091 [INFO] org.hibernate.Version [main] HHH000412: Hibernate ORM core version 5.6.4.Final
2022-02-02 11:39:59,360 [INFO] org.hibernate.annotations.common.Version [main] HCANN000001: Hibernate Commons Annotations {5.1.2.Final}
2022-02-02 11:39:59,516 [INFO] org.hibernate.dialect.Dialect [main] HHH000400: Using dialect: org.hibernate.dialect.H2Dialect
2022-02-02 11:40:00,094 [INFO] org.hibernate.engine.transaction.jta.platform.internal.JtaPlatformInitiator [main] HHH000490: Using JtaPlatform implementation: [org.hibernate.engine.transaction.jta.platform.internal.NoJtaPlatform]
2022-02-02 11:40:00,102 [INFO] org.springframework.orm.jpa.LocalContainerEntityManagerFactoryBean [main] Initialized JPA EntityManagerFactory for persistence unit 'default'
2022-02-02 11:40:00,422 [WARN] org.springframework.boot.autoconfigure.orm.jpa.JpaBaseConfiguration$JpaWebConfiguration [main] spring.jpa.open-in-view is enabled by default. Therefore, database queries may be performed during view rendering. Explicitly configure spring.jpa.open-in-view to disable this warning
2022-02-02 11:40:00,962 [INFO] org.springframework.boot.web.embedded.tomcat.TomcatWebServer [main] Tomcat started on port(s): 9001 (http) with context path ''
2022-02-02 11:40:00,979 [INFO] com.example.UserapiApplication [main] Started UserapiApplication in 5.198 seconds (JVM running for 5.717)
2022-02-02 11:40:06,176 [INFO] org.apache.catalina.core.ContainerBase.[Tomcat].[localhost].[/] [http-nio-9001-exec-2] Initializing Spring DispatcherServlet 'dispatcherServlet'
2022-02-02 11:40:06,177 [INFO] org.springframework.web.servlet.DispatcherServlet [http-nio-9001-exec-2] Initializing Servlet 'dispatcherServlet'
2022-02-02 11:40:06,180 [INFO] org.springframework.web.servlet.DispatcherServlet [http-nio-9001-exec-2] Completed initialization in 3 ms
2022-02-02 11:40:06,346 [INFO] com.example.controller.UserController [http-nio-9001-exec-2] Inside UserService class saveUser Method
2022-02-02 11:40:06,347 [INFO] com.example.service.UserService [http-nio-9001-exec-2] Inside UserService class saveUser method
2022-02-02 11:40:25,718 [INFO] org.springframework.orm.jpa.LocalContainerEntityManagerFactoryBean [SpringApplicationShutdownHook] Closing JPA EntityManagerFactory for persistence unit 'default'
2022-02-02 11:40:25,719 [INFO] org.hibernate.tool.schema.internal.SchemaDropperImpl$DelayedDropActionImpl [SpringApplicationShutdownHook] HHH000477: Starting delayed evictData of schema as part of SessionFactory shut-down'
2022-02-02 11:40:25,728 [INFO] com.zaxxer.hikari.HikariDataSource [SpringApplicationShutdownHook] HikariPool-1 - Shutdown initiated...
2022-02-02 11:40:25,732 [INFO] com.zaxxer.hikari.HikariDataSource [SpringApplicationShutdownHook] HikariPool-1 - Shutdown completed.
2022-02-02 12:44:55,086 [INFO] com.example.UserapiApplicationTests [main] Starting UserapiApplicationTests using Java 1.8.0_312 on manu-pc with PID 29349 (started by manu in /home/manu/Documents/workspace-spring-tool-suite-4-4.12.0.RELEASE/restapi/userapi)
2022-02-02 12:44:55,088 [INFO] com.example.UserapiApplicationTests [main] No active profile set, falling back to default profiles: default
2022-02-02 12:44:55,701 [INFO] org.springframework.data.repository.config.RepositoryConfigurationDelegate [main] Multiple Spring Data modules found, entering strict repository configuration mode!
2022-02-02 12:44:55,702 [INFO] org.springframework.data.repository.config.RepositoryConfigurationDelegate [main] Bootstrapping Spring Data JDBC repositories in DEFAULT mode.
2022-02-02 12:44:55,734 [INFO] org.springframework.data.repository.config.RepositoryConfigurationExtensionSupport [main] Spring Data JDBC - Could not safely identify store assignment for repository candidate interface com.example.repository.UserRepo. If you want this repository to be a JDBC repository, consider annotating your entities with one of these annotations: org.springframework.data.relational.core.mapping.Table.
2022-02-02 12:44:55,736 [INFO] org.springframework.data.repository.config.RepositoryConfigurationDelegate [main] Finished Spring Data repository scanning in 29 ms. Found 0 JDBC repository interfaces.
2022-02-02 12:44:55,751 [INFO] org.springframework.data.repository.config.RepositoryConfigurationDelegate [main] Multiple Spring Data modules found, entering strict repository configuration mode!
2022-02-02 12:44:55,752 [INFO] org.springframework.data.repository.config.RepositoryConfigurationDelegate [main] Bootstrapping Spring Data JPA repositories in DEFAULT mode.
2022-02-02 12:44:55,788 [INFO] org.springframework.data.repository.config.RepositoryConfigurationDelegate [main] Finished Spring Data repository scanning in 31 ms. Found 1 JPA repository interfaces.
2022-02-02 12:44:56,435 [INFO] com.zaxxer.hikari.HikariDataSource [main] HikariPool-1 - Starting...
2022-02-02 12:44:56,727 [INFO] com.zaxxer.hikari.HikariDataSource [main] HikariPool-1 - Start completed.
2022-02-02 12:44:56,832 [INFO] org.hibernate.jpa.internal.util.LogHelper [main] HHH000204: Processing PersistenceUnitInfo [name: default]
2022-02-02 12:44:56,899 [INFO] org.hibernate.Version [main] HHH000412: Hibernate ORM core version 5.6.4.Final
2022-02-02 12:44:57,106 [INFO] org.hibernate.annotations.common.Version [main] HCANN000001: Hibernate Commons Annotations {5.1.2.Final}
2022-02-02 12:44:57,230 [INFO] org.hibernate.dialect.Dialect [main] HHH000400: Using dialect: org.hibernate.dialect.H2Dialect
2022-02-02 12:44:57,754 [INFO] org.hibernate.engine.transaction.jta.platform.internal.JtaPlatformInitiator [main] HHH000490: Using JtaPlatform implementation: [org.hibernate.engine.transaction.jta.platform.internal.NoJtaPlatform]
2022-02-02 12:44:57,761 [INFO] org.springframework.orm.jpa.LocalContainerEntityManagerFactoryBean [main] Initialized JPA EntityManagerFactory for persistence unit 'default'
2022-02-02 12:44:58,445 [WARN] org.springframework.boot.autoconfigure.orm.jpa.JpaBaseConfiguration$JpaWebConfiguration [main] spring.jpa.open-in-view is enabled by default. Therefore, database queries may be performed during view rendering. Explicitly configure spring.jpa.open-in-view to disable this warning
2022-02-02 12:44:58,722 [INFO] org.springframework.boot.autoconfigure.h2.H2ConsoleAutoConfiguration [main] H2 console available at '/h2-console'. Database available at 'jdbc:h2:mem:testdb'
2022-02-02 12:44:59,088 [INFO] com.example.UserapiApplicationTests [main] Started UserapiApplicationTests in 4.281 seconds (JVM running for 5.235)
2022-02-02 12:44:59,350 [INFO] org.springframework.orm.jpa.LocalContainerEntityManagerFactoryBean [SpringApplicationShutdownHook] Closing JPA EntityManagerFactory for persistence unit 'default'
2022-02-02 12:44:59,350 [INFO] org.hibernate.tool.schema.internal.SchemaDropperImpl$DelayedDropActionImpl [SpringApplicationShutdownHook] HHH000477: Starting delayed evictData of schema as part of SessionFactory shut-down'
2022-02-02 12:44:59,352 [WARN] org.hibernate.engine.jdbc.spi.SqlExceptionHelper [SpringApplicationShutdownHook] SQL Error: 90121, SQLState: 90121
2022-02-02 12:44:59,353 [ERROR] org.hibernate.engine.jdbc.spi.SqlExceptionHelper [SpringApplicationShutdownHook] Database is already closed (to disable automatic closing at VM shutdown, add ";DB_CLOSE_ON_EXIT=FALSE" to the db URL) [90121-200]
2022-02-02 12:44:59,354 [WARN] org.hibernate.engine.jdbc.spi.SqlExceptionHelper [SpringApplicationShutdownHook] SQL Error: 90121, SQLState: 90121
2022-02-02 12:44:59,354 [ERROR] org.hibernate.engine.jdbc.spi.SqlExceptionHelper [SpringApplicationShutdownHook] Database is already closed (to disable automatic closing at VM shutdown, add ";DB_CLOSE_ON_EXIT=FALSE" to the db URL) [90121-200]
2022-02-02 12:44:59,354 [WARN] org.springframework.beans.factory.support.DisposableBeanAdapter [SpringApplicationShutdownHook] Invocation of destroy method failed on bean with name 'entityManagerFactory': org.hibernate.exception.JDBCConnectionException: Unable to release JDBC Connection used for DDL execution
2022-02-02 12:44:59,355 [INFO] com.zaxxer.hikari.HikariDataSource [SpringApplicationShutdownHook] HikariPool-1 - Shutdown initiated...
2022-02-02 12:44:59,358 [INFO] com.zaxxer.hikari.HikariDataSource [SpringApplicationShutdownHook] HikariPool-1 - Shutdown completed.
2022-02-02 12:45:19,872 [INFO] com.example.UserapiApplication [main] Starting UserapiApplication v0.0.1 using Java 11.0.13 on manu-pc with PID 29430 (/home/manu/Documents/workspace-spring-tool-suite-4-4.12.0.RELEASE/restapi/userapi/target/userapi-0.0.1.jar started by manu in /home/manu/Documents/workspace-spring-tool-suite-4-4.12.0.RELEASE/restapi/userapi)
2022-02-02 12:45:19,876 [INFO] com.example.UserapiApplication [main] No active profile set, falling back to default profiles: default
2022-02-02 12:45:20,607 [INFO] org.springframework.data.repository.config.RepositoryConfigurationDelegate [main] Multiple Spring Data modules found, entering strict repository configuration mode!
2022-02-02 12:45:20,609 [INFO] org.springframework.data.repository.config.RepositoryConfigurationDelegate [main] Bootstrapping Spring Data JDBC repositories in DEFAULT mode.
2022-02-02 12:45:20,647 [INFO] org.springframework.data.repository.config.RepositoryConfigurationExtensionSupport [main] Spring Data JDBC - Could not safely identify store assignment for repository candidate interface com.example.repository.UserRepo. If you want this repository to be a JDBC repository, consider annotating your entities with one of these annotations: org.springframework.data.relational.core.mapping.Table.
2022-02-02 12:45:20,648 [INFO] org.springframework.data.repository.config.RepositoryConfigurationDelegate [main] Finished Spring Data repository scanning in 32 ms. Found 0 JDBC repository interfaces.
2022-02-02 12:45:20,662 [INFO] org.springframework.data.repository.config.RepositoryConfigurationDelegate [main] Multiple Spring Data modules found, entering strict repository configuration mode!
2022-02-02 12:45:20,664 [INFO] org.springframework.data.repository.config.RepositoryConfigurationDelegate [main] Bootstrapping Spring Data JPA repositories in DEFAULT mode.
2022-02-02 12:45:20,725 [INFO] org.springframework.data.repository.config.RepositoryConfigurationDelegate [main] Finished Spring Data repository scanning in 53 ms. Found 1 JPA repository interfaces.
2022-02-02 12:45:21,509 [INFO] org.springframework.boot.web.embedded.tomcat.TomcatWebServer [main] Tomcat initialized with port(s): 9001 (http)
2022-02-02 12:45:21,526 [INFO] org.apache.catalina.core.StandardService [main] Starting service [Tomcat]
2022-02-02 12:45:21,527 [INFO] org.apache.catalina.core.StandardEngine [main] Starting Servlet engine: [Apache Tomcat/9.0.56]
2022-02-02 12:45:21,599 [INFO] org.apache.catalina.core.ContainerBase.[Tomcat].[localhost].[/] [main] Initializing Spring embedded WebApplicationContext
2022-02-02 12:45:21,599 [INFO] org.springframework.boot.web.servlet.context.ServletWebServerApplicationContext [main] Root WebApplicationContext: initialization completed in 1647 ms
2022-02-02 12:45:21,654 [INFO] com.zaxxer.hikari.HikariDataSource [main] HikariPool-1 - Starting...
2022-02-02 12:45:21,901 [INFO] com.zaxxer.hikari.HikariDataSource [main] HikariPool-1 - Start completed.
2022-02-02 12:45:21,913 [INFO] org.springframework.boot.autoconfigure.h2.H2ConsoleAutoConfiguration [main] H2 console available at '/h2-console'. Database available at 'jdbc:h2:mem:testdb'
2022-02-02 12:45:22,131 [INFO] org.hibernate.jpa.internal.util.LogHelper [main] HHH000204: Processing PersistenceUnitInfo [name: default]
2022-02-02 12:45:22,204 [INFO] org.hibernate.Version [main] HHH000412: Hibernate ORM core version 5.6.4.Final
2022-02-02 12:45:22,431 [INFO] org.hibernate.annotations.common.Version [main] HCANN000001: Hibernate Commons Annotations {5.1.2.Final}
2022-02-02 12:45:22,564 [INFO] org.hibernate.dialect.Dialect [main] HHH000400: Using dialect: org.hibernate.dialect.H2Dialect
2022-02-02 12:45:23,252 [INFO] org.hibernate.engine.transaction.jta.platform.internal.JtaPlatformInitiator [main] HHH000490: Using JtaPlatform implementation: [org.hibernate.engine.transaction.jta.platform.internal.NoJtaPlatform]
2022-02-02 12:45:23,268 [INFO] org.springframework.orm.jpa.LocalContainerEntityManagerFactoryBean [main] Initialized JPA EntityManagerFactory for persistence unit 'default'
2022-02-02 12:45:23,829 [WARN] org.springframework.boot.autoconfigure.orm.jpa.JpaBaseConfiguration$JpaWebConfiguration [main] spring.jpa.open-in-view is enabled by default. Therefore, database queries may be performed during view rendering. Explicitly configure spring.jpa.open-in-view to disable this warning
2022-02-02 12:45:24,401 [INFO] org.springframework.boot.web.embedded.tomcat.TomcatWebServer [main] Tomcat started on port(s): 9001 (http) with context path ''
2022-02-02 12:45:24,415 [INFO] com.example.UserapiApplication [main] Started UserapiApplication in 5.155 seconds (JVM running for 5.762)
2022-02-02 12:48:47,327 [INFO] org.apache.catalina.core.ContainerBase.[Tomcat].[localhost].[/] [http-nio-9001-exec-2] Initializing Spring DispatcherServlet 'dispatcherServlet'
2022-02-02 12:48:47,327 [INFO] org.springframework.web.servlet.DispatcherServlet [http-nio-9001-exec-2] Initializing Servlet 'dispatcherServlet'
2022-02-02 12:48:47,328 [INFO] org.springframework.web.servlet.DispatcherServlet [http-nio-9001-exec-2] Completed initialization in 1 ms
2022-02-02 12:48:47,461 [INFO] com.example.controller.UserController [http-nio-9001-exec-2] Inside UserController class saveUser method
2022-02-02 12:48:47,461 [INFO] com.example.service.UserService [http-nio-9001-exec-2] Inside UserService class saveUser method
2022-02-02 12:49:09,028 [INFO] com.example.controller.UserController [http-nio-9001-exec-3] Inside UserController class findUser method
2022-02-02 12:49:09,029 [INFO] com.example.service.UserService [http-nio-9001-exec-3] Inside UserServuce class findUser method
2022-02-02 12:49:09,203 [ERROR] org.apache.catalina.core.ContainerBase.[Tomcat].[localhost].[/].[dispatcherServlet] [http-nio-9001-exec-3] Servlet.service() for servlet [dispatcherServlet] in context with path [] threw exception [Request processing failed; nested exception is java.lang.NullPointerException] with root cause
java.lang.NullPointerException: null
	at com.example.service.UserService.findUser(UserService.java:37)
	at com.example.controller.UserController.findUser(UserController.java:35)
	at java.base/jdk.internal.reflect.NativeMethodAccessorImpl.invoke0(Native Method)
	at java.base/jdk.internal.reflect.NativeMethodAccessorImpl.invoke(NativeMethodAccessorImpl.java:62)
	at java.base/jdk.internal.reflect.DelegatingMethodAccessorImpl.invoke(DelegatingMethodAccessorImpl.java:43)
	at java.base/java.lang.reflect.Method.invoke(Method.java:566)
	at org.springframework.web.method.support.InvocableHandlerMethod.doInvoke(InvocableHandlerMethod.java:205)
	at org.springframework.web.method.support.InvocableHandlerMethod.invokeForRequest(InvocableHandlerMethod.java:150)
	at org.springframework.web.servlet.mvc.method.annotation.ServletInvocableHandlerMethod.invokeAndHandle(ServletInvocableHandlerMethod.java:117)
	at org.springframework.web.servlet.mvc.method.annotation.RequestMappingHandlerAdapter.invokeHandlerMethod(RequestMappingHandlerAdapter.java:895)
	at org.springframework.web.servlet.mvc.method.annotation.RequestMappingHandlerAdapter.handleInternal(RequestMappingHandlerAdapter.java:808)
	at org.springframework.web.servlet.mvc.method.AbstractHandlerMethodAdapter.handle(AbstractHandlerMethodAdapter.java:87)
	at org.springframework.web.servlet.DispatcherServlet.doDispatch(DispatcherServlet.java:1067)
	at org.springframework.web.servlet.DispatcherServlet.doService(DispatcherServlet.java:963)
	at org.springframework.web.servlet.FrameworkServlet.processRequest(FrameworkServlet.java:1006)
	at org.springframework.web.servlet.FrameworkServlet.doGet(FrameworkServlet.java:898)
	at javax.servlet.http.HttpServlet.service(HttpServlet.java:655)
	at org.springframework.web.servlet.FrameworkServlet.service(FrameworkServlet.java:883)
	at javax.servlet.http.HttpServlet.service(HttpServlet.java:764)
	at org.apache.catalina.core.ApplicationFilterChain.internalDoFilter(ApplicationFilterChain.java:227)
	at org.apache.catalina.core.ApplicationFilterChain.doFilter(ApplicationFilterChain.java:162)
	at org.apache.tomcat.websocket.server.WsFilter.doFilter(WsFilter.java:53)
	at org.apache.catalina.core.ApplicationFilterChain.internalDoFilter(ApplicationFilterChain.java:189)
	at org.apache.catalina.core.ApplicationFilterChain.doFilter(ApplicationFilterChain.java:162)
	at org.springframework.web.filter.RequestContextFilter.doFilterInternal(RequestContextFilter.java:100)
	at org.springframework.web.filter.OncePerRequestFilter.doFilter(OncePerRequestFilter.java:117)
	at org.apache.catalina.core.ApplicationFilterChain.internalDoFilter(ApplicationFilterChain.java:189)
	at org.apache.catalina.core.ApplicationFilterChain.doFilter(ApplicationFilterChain.java:162)
	at org.springframework.web.filter.FormContentFilter.doFilterInternal(FormContentFilter.java:93)
	at org.springframework.web.filter.OncePerRequestFilter.doFilter(OncePerRequestFilter.java:117)
	at org.apache.catalina.core.ApplicationFilterChain.internalDoFilter(ApplicationFilterChain.java:189)
	at org.apache.catalina.core.ApplicationFilterChain.doFilter(ApplicationFilterChain.java:162)
	at org.springframework.web.filter.CharacterEncodingFilter.doFilterInternal(CharacterEncodingFilter.java:201)
	at org.springframework.web.filter.OncePerRequestFilter.doFilter(OncePerRequestFilter.java:117)
	at org.apache.catalina.core.ApplicationFilterChain.internalDoFilter(ApplicationFilterChain.java:189)
	at org.apache.catalina.core.ApplicationFilterChain.doFilter(ApplicationFilterChain.java:162)
	at org.apache.catalina.core.StandardWrapperValve.invoke(StandardWrapperValve.java:197)
	at org.apache.catalina.core.StandardContextValve.invoke(StandardContextValve.java:97)
	at org.apache.catalina.authenticator.AuthenticatorBase.invoke(AuthenticatorBase.java:540)
	at org.apache.catalina.core.StandardHostValve.invoke(StandardHostValve.java:135)
	at org.apache.catalina.valves.ErrorReportValve.invoke(ErrorReportValve.java:92)
	at org.apache.catalina.core.StandardEngineValve.invoke(StandardEngineValve.java:78)
	at org.apache.catalina.connector.CoyoteAdapter.service(CoyoteAdapter.java:357)
	at org.apache.coyote.http11.Http11Processor.service(Http11Processor.java:382)
	at org.apache.coyote.AbstractProcessorLight.process(AbstractProcessorLight.java:65)
	at org.apache.coyote.AbstractProtocol$ConnectionHandler.process(AbstractProtocol.java:895)
	at org.apache.tomcat.util.net.NioEndpoint$SocketProcessor.doRun(NioEndpoint.java:1732)
	at org.apache.tomcat.util.net.SocketProcessorBase.run(SocketProcessorBase.java:49)
	at org.apache.tomcat.util.threads.ThreadPoolExecutor.runWorker(ThreadPoolExecutor.java:1191)
	at org.apache.tomcat.util.threads.ThreadPoolExecutor$Worker.run(ThreadPoolExecutor.java:659)
	at org.apache.tomcat.util.threads.TaskThread$WrappingRunnable.run(TaskThread.java:61)
	at java.base/java.lang.Thread.run(Thread.java:829)
2022-02-02 12:53:07,398 [INFO] org.springframework.orm.jpa.LocalContainerEntityManagerFactoryBean [SpringApplicationShutdownHook] Closing JPA EntityManagerFactory for persistence unit 'default'
2022-02-02 12:53:07,399 [INFO] org.hibernate.tool.schema.internal.SchemaDropperImpl$DelayedDropActionImpl [SpringApplicationShutdownHook] HHH000477: Starting delayed evictData of schema as part of SessionFactory shut-down'
2022-02-02 12:53:07,410 [INFO] com.zaxxer.hikari.HikariDataSource [SpringApplicationShutdownHook] HikariPool-1 - Shutdown initiated...
2022-02-02 12:53:07,414 [INFO] com.zaxxer.hikari.HikariDataSource [SpringApplicationShutdownHook] HikariPool-1 - Shutdown completed.
2022-02-02 12:53:20,201 [INFO] com.example.UserapiApplicationTests [main] Starting UserapiApplicationTests using Java 1.8.0_312 on manu-pc with PID 30146 (started by manu in /home/manu/Documents/workspace-spring-tool-suite-4-4.12.0.RELEASE/restapi/userapi)
2022-02-02 12:53:20,201 [INFO] com.example.UserapiApplicationTests [main] No active profile set, falling back to default profiles: default
2022-02-02 12:53:20,772 [INFO] org.springframework.data.repository.config.RepositoryConfigurationDelegate [main] Multiple Spring Data modules found, entering strict repository configuration mode!
2022-02-02 12:53:20,774 [INFO] org.springframework.data.repository.config.RepositoryConfigurationDelegate [main] Bootstrapping Spring Data JDBC repositories in DEFAULT mode.
2022-02-02 12:53:20,810 [INFO] org.springframework.data.repository.config.RepositoryConfigurationExtensionSupport [main] Spring Data JDBC - Could not safely identify store assignment for repository candidate interface com.example.repository.UserRepo. If you want this repository to be a JDBC repository, consider annotating your entities with one of these annotations: org.springframework.data.relational.core.mapping.Table.
2022-02-02 12:53:20,812 [INFO] org.springframework.data.repository.config.RepositoryConfigurationDelegate [main] Finished Spring Data repository scanning in 33 ms. Found 0 JDBC repository interfaces.
2022-02-02 12:53:20,823 [INFO] org.springframework.data.repository.config.RepositoryConfigurationDelegate [main] Multiple Spring Data modules found, entering strict repository configuration mode!
2022-02-02 12:53:20,824 [INFO] org.springframework.data.repository.config.RepositoryConfigurationDelegate [main] Bootstrapping Spring Data JPA repositories in DEFAULT mode.
2022-02-02 12:53:20,865 [INFO] org.springframework.data.repository.config.RepositoryConfigurationDelegate [main] Finished Spring Data repository scanning in 35 ms. Found 1 JPA repository interfaces.
2022-02-02 12:53:21,424 [INFO] com.zaxxer.hikari.HikariDataSource [main] HikariPool-1 - Starting...
2022-02-02 12:53:21,718 [INFO] com.zaxxer.hikari.HikariDataSource [main] HikariPool-1 - Start completed.
2022-02-02 12:53:21,817 [INFO] org.hibernate.jpa.internal.util.LogHelper [main] HHH000204: Processing PersistenceUnitInfo [name: default]
2022-02-02 12:53:21,883 [INFO] org.hibernate.Version [main] HHH000412: Hibernate ORM core version 5.6.4.Final
2022-02-02 12:53:22,068 [INFO] org.hibernate.annotations.common.Version [main] HCANN000001: Hibernate Commons Annotations {5.1.2.Final}
2022-02-02 12:53:22,212 [INFO] org.hibernate.dialect.Dialect [main] HHH000400: Using dialect: org.hibernate.dialect.H2Dialect
2022-02-02 12:53:22,773 [INFO] org.hibernate.engine.transaction.jta.platform.internal.JtaPlatformInitiator [main] HHH000490: Using JtaPlatform implementation: [org.hibernate.engine.transaction.jta.platform.internal.NoJtaPlatform]
2022-02-02 12:53:22,780 [INFO] org.springframework.orm.jpa.LocalContainerEntityManagerFactoryBean [main] Initialized JPA EntityManagerFactory for persistence unit 'default'
2022-02-02 12:53:23,497 [WARN] org.springframework.boot.autoconfigure.orm.jpa.JpaBaseConfiguration$JpaWebConfiguration [main] spring.jpa.open-in-view is enabled by default. Therefore, database queries may be performed during view rendering. Explicitly configure spring.jpa.open-in-view to disable this warning
2022-02-02 12:53:23,797 [INFO] org.springframework.boot.autoconfigure.h2.H2ConsoleAutoConfiguration [main] H2 console available at '/h2-console'. Database available at 'jdbc:h2:mem:testdb'
2022-02-02 12:53:24,231 [INFO] com.example.UserapiApplicationTests [main] Started UserapiApplicationTests in 4.332 seconds (JVM running for 5.26)
2022-02-02 12:53:24,526 [INFO] org.springframework.orm.jpa.LocalContainerEntityManagerFactoryBean [SpringApplicationShutdownHook] Closing JPA EntityManagerFactory for persistence unit 'default'
2022-02-02 12:53:24,530 [INFO] org.hibernate.tool.schema.internal.SchemaDropperImpl$DelayedDropActionImpl [SpringApplicationShutdownHook] HHH000477: Starting delayed evictData of schema as part of SessionFactory shut-down'
2022-02-02 12:53:24,538 [WARN] org.hibernate.engine.jdbc.spi.SqlExceptionHelper [SpringApplicationShutdownHook] SQL Error: 90121, SQLState: 90121
2022-02-02 12:53:24,539 [ERROR] org.hibernate.engine.jdbc.spi.SqlExceptionHelper [SpringApplicationShutdownHook] Database is already closed (to disable automatic closing at VM shutdown, add ";DB_CLOSE_ON_EXIT=FALSE" to the db URL) [90121-200]
2022-02-02 12:53:24,540 [WARN] org.hibernate.engine.jdbc.spi.SqlExceptionHelper [SpringApplicationShutdownHook] SQL Error: 90121, SQLState: 90121
2022-02-02 12:53:24,540 [ERROR] org.hibernate.engine.jdbc.spi.SqlExceptionHelper [SpringApplicationShutdownHook] Database is already closed (to disable automatic closing at VM shutdown, add ";DB_CLOSE_ON_EXIT=FALSE" to the db URL) [90121-200]
2022-02-02 12:53:24,541 [WARN] org.springframework.beans.factory.support.DisposableBeanAdapter [SpringApplicationShutdownHook] Invocation of destroy method failed on bean with name 'entityManagerFactory': org.hibernate.exception.JDBCConnectionException: Unable to release JDBC Connection used for DDL execution
2022-02-02 12:53:24,543 [INFO] com.zaxxer.hikari.HikariDataSource [SpringApplicationShutdownHook] HikariPool-1 - Shutdown initiated...
2022-02-02 12:53:24,552 [INFO] com.zaxxer.hikari.HikariDataSource [SpringApplicationShutdownHook] HikariPool-1 - Shutdown completed.
2022-02-02 12:53:44,480 [INFO] com.example.UserapiApplication [main] Starting UserapiApplication v0.0.1 using Java 11.0.13 on manu-pc with PID 30231 (/home/manu/Documents/workspace-spring-tool-suite-4-4.12.0.RELEASE/restapi/userapi/target/userapi-0.0.1.jar started by manu in /home/manu/Documents/workspace-spring-tool-suite-4-4.12.0.RELEASE/restapi/userapi)
2022-02-02 12:53:44,482 [INFO] com.example.UserapiApplication [main] No active profile set, falling back to default profiles: default
2022-02-02 12:53:45,297 [INFO] org.springframework.data.repository.config.RepositoryConfigurationDelegate [main] Multiple Spring Data modules found, entering strict repository configuration mode!
2022-02-02 12:53:45,300 [INFO] org.springframework.data.repository.config.RepositoryConfigurationDelegate [main] Bootstrapping Spring Data JDBC repositories in DEFAULT mode.
2022-02-02 12:53:45,346 [INFO] org.springframework.data.repository.config.RepositoryConfigurationExtensionSupport [main] Spring Data JDBC - Could not safely identify store assignment for repository candidate interface com.example.repository.UserRepo. If you want this repository to be a JDBC repository, consider annotating your entities with one of these annotations: org.springframework.data.relational.core.mapping.Table.
2022-02-02 12:53:45,347 [INFO] org.springframework.data.repository.config.RepositoryConfigurationDelegate [main] Finished Spring Data repository scanning in 40 ms. Found 0 JDBC repository interfaces.
2022-02-02 12:53:45,359 [INFO] org.springframework.data.repository.config.RepositoryConfigurationDelegate [main] Multiple Spring Data modules found, entering strict repository configuration mode!
2022-02-02 12:53:45,362 [INFO] org.springframework.data.repository.config.RepositoryConfigurationDelegate [main] Bootstrapping Spring Data JPA repositories in DEFAULT mode.
2022-02-02 12:53:45,424 [INFO] org.springframework.data.repository.config.RepositoryConfigurationDelegate [main] Finished Spring Data repository scanning in 55 ms. Found 1 JPA repository interfaces.
2022-02-02 12:53:46,157 [INFO] org.springframework.boot.web.embedded.tomcat.TomcatWebServer [main] Tomcat initialized with port(s): 9001 (http)
2022-02-02 12:53:46,179 [INFO] org.apache.catalina.core.StandardService [main] Starting service [Tomcat]
2022-02-02 12:53:46,179 [INFO] org.apache.catalina.core.StandardEngine [main] Starting Servlet engine: [Apache Tomcat/9.0.56]
2022-02-02 12:53:46,270 [INFO] org.apache.catalina.core.ContainerBase.[Tomcat].[localhost].[/] [main] Initializing Spring embedded WebApplicationContext
2022-02-02 12:53:46,270 [INFO] org.springframework.boot.web.servlet.context.ServletWebServerApplicationContext [main] Root WebApplicationContext: initialization completed in 1721 ms
2022-02-02 12:53:46,346 [INFO] com.zaxxer.hikari.HikariDataSource [main] HikariPool-1 - Starting...
2022-02-02 12:53:46,685 [INFO] com.zaxxer.hikari.HikariDataSource [main] HikariPool-1 - Start completed.
2022-02-02 12:53:46,705 [INFO] org.springframework.boot.autoconfigure.h2.H2ConsoleAutoConfiguration [main] H2 console available at '/h2-console'. Database available at 'jdbc:h2:mem:testdb'
2022-02-02 12:53:46,970 [INFO] org.hibernate.jpa.internal.util.LogHelper [main] HHH000204: Processing PersistenceUnitInfo [name: default]
2022-02-02 12:53:47,055 [INFO] org.hibernate.Version [main] HHH000412: Hibernate ORM core version 5.6.4.Final
2022-02-02 12:53:47,289 [INFO] org.hibernate.annotations.common.Version [main] HCANN000001: Hibernate Commons Annotations {5.1.2.Final}
2022-02-02 12:53:47,427 [INFO] org.hibernate.dialect.Dialect [main] HHH000400: Using dialect: org.hibernate.dialect.H2Dialect
2022-02-02 12:53:48,043 [INFO] org.hibernate.engine.transaction.jta.platform.internal.JtaPlatformInitiator [main] HHH000490: Using JtaPlatform implementation: [org.hibernate.engine.transaction.jta.platform.internal.NoJtaPlatform]
2022-02-02 12:53:48,052 [INFO] org.springframework.orm.jpa.LocalContainerEntityManagerFactoryBean [main] Initialized JPA EntityManagerFactory for persistence unit 'default'
2022-02-02 12:53:48,659 [WARN] org.springframework.boot.autoconfigure.orm.jpa.JpaBaseConfiguration$JpaWebConfiguration [main] spring.jpa.open-in-view is enabled by default. Therefore, database queries may be performed during view rendering. Explicitly configure spring.jpa.open-in-view to disable this warning
2022-02-02 12:53:49,133 [INFO] org.springframework.boot.web.embedded.tomcat.TomcatWebServer [main] Tomcat started on port(s): 9001 (http) with context path ''
2022-02-02 12:53:49,144 [INFO] com.example.UserapiApplication [main] Started UserapiApplication in 5.282 seconds (JVM running for 5.785)
2022-02-02 12:54:07,839 [INFO] org.apache.catalina.core.ContainerBase.[Tomcat].[localhost].[/] [http-nio-9001-exec-2] Initializing Spring DispatcherServlet 'dispatcherServlet'
2022-02-02 12:54:07,840 [INFO] org.springframework.web.servlet.DispatcherServlet [http-nio-9001-exec-2] Initializing Servlet 'dispatcherServlet'
2022-02-02 12:54:07,841 [INFO] org.springframework.web.servlet.DispatcherServlet [http-nio-9001-exec-2] Completed initialization in 1 ms
2022-02-02 12:54:07,882 [WARN] org.springframework.web.servlet.mvc.support.DefaultHandlerExceptionResolver [http-nio-9001-exec-2] Resolved [org.springframework.web.HttpRequestMethodNotSupportedException: Request method 'GET' not supported]
2022-02-02 12:54:13,202 [INFO] com.example.controller.UserController [http-nio-9001-exec-3] Inside UserController class saveUser method
2022-02-02 12:54:13,202 [INFO] com.example.service.UserService [http-nio-9001-exec-3] Inside UserService class saveUser method
2022-02-02 12:54:25,869 [WARN] org.springframework.web.servlet.mvc.support.DefaultHandlerExceptionResolver [http-nio-9001-exec-4] Resolved [org.springframework.web.HttpRequestMethodNotSupportedException: Request method 'POST' not supported]
2022-02-02 12:54:31,675 [INFO] com.example.controller.UserController [http-nio-9001-exec-5] Inside UserController class findUser method
2022-02-02 12:54:31,675 [INFO] com.example.service.UserService [http-nio-9001-exec-5] Inside UserService class findUser method
2022-02-02 12:54:55,323 [INFO] org.springframework.orm.jpa.LocalContainerEntityManagerFactoryBean [SpringApplicationShutdownHook] Closing JPA EntityManagerFactory for persistence unit 'default'
2022-02-02 12:54:55,323 [INFO] org.hibernate.tool.schema.internal.SchemaDropperImpl$DelayedDropActionImpl [SpringApplicationShutdownHook] HHH000477: Starting delayed evictData of schema as part of SessionFactory shut-down'
2022-02-02 12:54:55,331 [INFO] com.zaxxer.hikari.HikariDataSource [SpringApplicationShutdownHook] HikariPool-1 - Shutdown initiated...
2022-02-02 12:54:55,334 [INFO] com.zaxxer.hikari.HikariDataSource [SpringApplicationShutdownHook] HikariPool-1 - Shutdown completed.
2022-02-02 12:55:11,076 [INFO] com.example.UserapiApplicationTests [main] Starting UserapiApplicationTests using Java 1.8.0_312 on manu-pc with PID 30403 (started by manu in /home/manu/Documents/workspace-spring-tool-suite-4-4.12.0.RELEASE/restapi/userapi)
2022-02-02 12:55:11,077 [INFO] com.example.UserapiApplicationTests [main] No active profile set, falling back to default profiles: default
2022-02-02 12:55:11,677 [INFO] org.springframework.data.repository.config.RepositoryConfigurationDelegate [main] Multiple Spring Data modules found, entering strict repository configuration mode!
2022-02-02 12:55:11,678 [INFO] org.springframework.data.repository.config.RepositoryConfigurationDelegate [main] Bootstrapping Spring Data JDBC repositories in DEFAULT mode.
2022-02-02 12:55:11,712 [INFO] org.springframework.data.repository.config.RepositoryConfigurationExtensionSupport [main] Spring Data JDBC - Could not safely identify store assignment for repository candidate interface com.example.repository.UserRepo. If you want this repository to be a JDBC repository, consider annotating your entities with one of these annotations: org.springframework.data.relational.core.mapping.Table.
2022-02-02 12:55:11,713 [INFO] org.springframework.data.repository.config.RepositoryConfigurationDelegate [main] Finished Spring Data repository scanning in 29 ms. Found 0 JDBC repository interfaces.
2022-02-02 12:55:11,727 [INFO] org.springframework.data.repository.config.RepositoryConfigurationDelegate [main] Multiple Spring Data modules found, entering strict repository configuration mode!
2022-02-02 12:55:11,729 [INFO] org.springframework.data.repository.config.RepositoryConfigurationDelegate [main] Bootstrapping Spring Data JPA repositories in DEFAULT mode.
2022-02-02 12:55:11,765 [INFO] org.springframework.data.repository.config.RepositoryConfigurationDelegate [main] Finished Spring Data repository scanning in 31 ms. Found 1 JPA repository interfaces.
2022-02-02 12:55:12,361 [INFO] com.zaxxer.hikari.HikariDataSource [main] HikariPool-1 - Starting...
2022-02-02 12:55:12,674 [INFO] com.zaxxer.hikari.HikariDataSource [main] HikariPool-1 - Start completed.
2022-02-02 12:55:12,773 [INFO] org.hibernate.jpa.internal.util.LogHelper [main] HHH000204: Processing PersistenceUnitInfo [name: default]
2022-02-02 12:55:12,833 [INFO] org.hibernate.Version [main] HHH000412: Hibernate ORM core version 5.6.4.Final
2022-02-02 12:55:13,017 [INFO] org.hibernate.annotations.common.Version [main] HCANN000001: Hibernate Commons Annotations {5.1.2.Final}
2022-02-02 12:55:13,157 [INFO] org.hibernate.dialect.Dialect [main] HHH000400: Using dialect: org.hibernate.dialect.H2Dialect
2022-02-02 12:55:13,771 [INFO] org.hibernate.engine.transaction.jta.platform.internal.JtaPlatformInitiator [main] HHH000490: Using JtaPlatform implementation: [org.hibernate.engine.transaction.jta.platform.internal.NoJtaPlatform]
2022-02-02 12:55:13,779 [INFO] org.springframework.orm.jpa.LocalContainerEntityManagerFactoryBean [main] Initialized JPA EntityManagerFactory for persistence unit 'default'
2022-02-02 12:55:14,482 [WARN] org.springframework.boot.autoconfigure.orm.jpa.JpaBaseConfiguration$JpaWebConfiguration [main] spring.jpa.open-in-view is enabled by default. Therefore, database queries may be performed during view rendering. Explicitly configure spring.jpa.open-in-view to disable this warning
2022-02-02 12:55:14,765 [INFO] org.springframework.boot.autoconfigure.h2.H2ConsoleAutoConfiguration [main] H2 console available at '/h2-console'. Database available at 'jdbc:h2:mem:testdb'
2022-02-02 12:55:15,156 [INFO] com.example.UserapiApplicationTests [main] Started UserapiApplicationTests in 4.334 seconds (JVM running for 5.246)
2022-02-02 12:55:15,439 [INFO] org.springframework.orm.jpa.LocalContainerEntityManagerFactoryBean [SpringApplicationShutdownHook] Closing JPA EntityManagerFactory for persistence unit 'default'
2022-02-02 12:55:15,441 [INFO] org.hibernate.tool.schema.internal.SchemaDropperImpl$DelayedDropActionImpl [SpringApplicationShutdownHook] HHH000477: Starting delayed evictData of schema as part of SessionFactory shut-down'
2022-02-02 12:55:15,443 [WARN] org.hibernate.engine.jdbc.spi.SqlExceptionHelper [SpringApplicationShutdownHook] SQL Error: 90121, SQLState: 90121
2022-02-02 12:55:15,443 [ERROR] org.hibernate.engine.jdbc.spi.SqlExceptionHelper [SpringApplicationShutdownHook] Database is already closed (to disable automatic closing at VM shutdown, add ";DB_CLOSE_ON_EXIT=FALSE" to the db URL) [90121-200]
2022-02-02 12:55:15,444 [WARN] org.hibernate.engine.jdbc.spi.SqlExceptionHelper [SpringApplicationShutdownHook] SQL Error: 90121, SQLState: 90121
2022-02-02 12:55:15,445 [ERROR] org.hibernate.engine.jdbc.spi.SqlExceptionHelper [SpringApplicationShutdownHook] Database is already closed (to disable automatic closing at VM shutdown, add ";DB_CLOSE_ON_EXIT=FALSE" to the db URL) [90121-200]
2022-02-02 12:55:15,445 [WARN] org.springframework.beans.factory.support.DisposableBeanAdapter [SpringApplicationShutdownHook] Invocation of destroy method failed on bean with name 'entityManagerFactory': org.hibernate.exception.JDBCConnectionException: Unable to release JDBC Connection used for DDL execution
2022-02-02 12:55:15,446 [INFO] com.zaxxer.hikari.HikariDataSource [SpringApplicationShutdownHook] HikariPool-1 - Shutdown initiated...
2022-02-02 12:55:15,450 [INFO] com.zaxxer.hikari.HikariDataSource [SpringApplicationShutdownHook] HikariPool-1 - Shutdown completed.
2022-02-02 12:55:35,827 [INFO] com.example.UserapiApplication [main] Starting UserapiApplication v0.0.1 using Java 11.0.13 on manu-pc with PID 30487 (/home/manu/Documents/workspace-spring-tool-suite-4-4.12.0.RELEASE/restapi/userapi/target/userapi-0.0.1.jar started by manu in /home/manu/Documents/workspace-spring-tool-suite-4-4.12.0.RELEASE/restapi/userapi)
2022-02-02 12:55:35,832 [INFO] com.example.UserapiApplication [main] No active profile set, falling back to default profiles: default
2022-02-02 12:55:36,659 [INFO] org.springframework.data.repository.config.RepositoryConfigurationDelegate [main] Multiple Spring Data modules found, entering strict repository configuration mode!
2022-02-02 12:55:36,662 [INFO] org.springframework.data.repository.config.RepositoryConfigurationDelegate [main] Bootstrapping Spring Data JDBC repositories in DEFAULT mode.
2022-02-02 12:55:36,702 [INFO] org.springframework.data.repository.config.RepositoryConfigurationExtensionSupport [main] Spring Data JDBC - Could not safely identify store assignment for repository candidate interface com.example.repository.UserRepo. If you want this repository to be a JDBC repository, consider annotating your entities with one of these annotations: org.springframework.data.relational.core.mapping.Table.
2022-02-02 12:55:36,704 [INFO] org.springframework.data.repository.config.RepositoryConfigurationDelegate [main] Finished Spring Data repository scanning in 35 ms. Found 0 JDBC repository interfaces.
2022-02-02 12:55:36,718 [INFO] org.springframework.data.repository.config.RepositoryConfigurationDelegate [main] Multiple Spring Data modules found, entering strict repository configuration mode!
2022-02-02 12:55:36,721 [INFO] org.springframework.data.repository.config.RepositoryConfigurationDelegate [main] Bootstrapping Spring Data JPA repositories in DEFAULT mode.
2022-02-02 12:55:36,787 [INFO] org.springframework.data.repository.config.RepositoryConfigurationDelegate [main] Finished Spring Data repository scanning in 54 ms. Found 1 JPA repository interfaces.
2022-02-02 12:55:37,670 [INFO] org.springframework.boot.web.embedded.tomcat.TomcatWebServer [main] Tomcat initialized with port(s): 9001 (http)
2022-02-02 12:55:37,689 [INFO] org.apache.catalina.core.StandardService [main] Starting service [Tomcat]
2022-02-02 12:55:37,689 [INFO] org.apache.catalina.core.StandardEngine [main] Starting Servlet engine: [Apache Tomcat/9.0.56]
2022-02-02 12:55:37,785 [INFO] org.apache.catalina.core.ContainerBase.[Tomcat].[localhost].[/] [main] Initializing Spring embedded WebApplicationContext
2022-02-02 12:55:37,785 [INFO] org.springframework.boot.web.servlet.context.ServletWebServerApplicationContext [main] Root WebApplicationContext: initialization completed in 1860 ms
2022-02-02 12:55:37,857 [INFO] com.zaxxer.hikari.HikariDataSource [main] HikariPool-1 - Starting...
2022-02-02 12:55:38,215 [INFO] com.zaxxer.hikari.HikariDataSource [main] HikariPool-1 - Start completed.
2022-02-02 12:55:38,239 [INFO] org.springframework.boot.autoconfigure.h2.H2ConsoleAutoConfiguration [main] H2 console available at '/h2-console'. Database available at 'jdbc:h2:mem:testdb'
2022-02-02 12:55:38,463 [INFO] org.hibernate.jpa.internal.util.LogHelper [main] HHH000204: Processing PersistenceUnitInfo [name: default]
2022-02-02 12:55:38,532 [INFO] org.hibernate.Version [main] HHH000412: Hibernate ORM core version 5.6.4.Final
2022-02-02 12:55:38,754 [INFO] org.hibernate.annotations.common.Version [main] HCANN000001: Hibernate Commons Annotations {5.1.2.Final}
2022-02-02 12:55:38,892 [INFO] org.hibernate.dialect.Dialect [main] HHH000400: Using dialect: org.hibernate.dialect.H2Dialect
2022-02-02 12:55:39,586 [INFO] org.hibernate.engine.transaction.jta.platform.internal.JtaPlatformInitiator [main] HHH000490: Using JtaPlatform implementation: [org.hibernate.engine.transaction.jta.platform.internal.NoJtaPlatform]
2022-02-02 12:55:39,596 [INFO] org.springframework.orm.jpa.LocalContainerEntityManagerFactoryBean [main] Initialized JPA EntityManagerFactory for persistence unit 'default'
2022-02-02 12:55:40,107 [WARN] org.springframework.boot.autoconfigure.orm.jpa.JpaBaseConfiguration$JpaWebConfiguration [main] spring.jpa.open-in-view is enabled by default. Therefore, database queries may be performed during view rendering. Explicitly configure spring.jpa.open-in-view to disable this warning
2022-02-02 12:55:40,624 [INFO] org.springframework.boot.web.embedded.tomcat.TomcatWebServer [main] Tomcat started on port(s): 9001 (http) with context path ''
2022-02-02 12:55:40,636 [INFO] com.example.UserapiApplication [main] Started UserapiApplication in 5.394 seconds (JVM running for 5.919)
2022-02-02 12:55:49,821 [INFO] org.apache.catalina.core.ContainerBase.[Tomcat].[localhost].[/] [http-nio-9001-exec-1] Initializing Spring DispatcherServlet 'dispatcherServlet'
2022-02-02 12:55:49,822 [INFO] org.springframework.web.servlet.DispatcherServlet [http-nio-9001-exec-1] Initializing Servlet 'dispatcherServlet'
2022-02-02 12:55:49,824 [INFO] org.springframework.web.servlet.DispatcherServlet [http-nio-9001-exec-1] Completed initialization in 2 ms
2022-02-02 12:55:49,978 [INFO] com.example.controller.UserController [http-nio-9001-exec-1] Inside UserController class saveUser method
2022-02-02 12:55:49,978 [INFO] com.example.service.UserService [http-nio-9001-exec-1] Inside UserService class saveUser method
2022-02-02 12:55:54,980 [INFO] com.example.controller.UserController [http-nio-9001-exec-3] Inside UserController class findUser method
2022-02-02 12:55:54,981 [INFO] com.example.service.UserService [http-nio-9001-exec-3] Inside UserService class findUser method
2022-02-02 12:56:19,204 [INFO] org.springframework.orm.jpa.LocalContainerEntityManagerFactoryBean [SpringApplicationShutdownHook] Closing JPA EntityManagerFactory for persistence unit 'default'
2022-02-02 12:56:19,206 [INFO] org.hibernate.tool.schema.internal.SchemaDropperImpl$DelayedDropActionImpl [SpringApplicationShutdownHook] HHH000477: Starting delayed evictData of schema as part of SessionFactory shut-down'
2022-02-02 12:56:19,268 [INFO] com.zaxxer.hikari.HikariDataSource [SpringApplicationShutdownHook] HikariPool-1 - Shutdown initiated...
2022-02-02 12:56:19,273 [INFO] com.zaxxer.hikari.HikariDataSource [SpringApplicationShutdownHook] HikariPool-1 - Shutdown completed.
