2022-02-02 12:07:54,896 [INFO] com.example.DepartmentapiApplicationTests [main] Starting DepartmentapiApplicationTests using Java 1.8.0_312 on manu-pc with PID 26596 (started by manu in /home/manu/Documents/workspace-spring-tool-suite-4-4.12.0.RELEASE/restapi/departmentapi)
2022-02-02 12:07:54,896 [INFO] com.example.DepartmentapiApplicationTests [main] No active profile set, falling back to default profiles: default
2022-02-02 12:07:55,538 [INFO] org.springframework.data.repository.config.RepositoryConfigurationDelegate [main] Multiple Spring Data modules found, entering strict repository configuration mode!
2022-02-02 12:07:55,540 [INFO] org.springframework.data.repository.config.RepositoryConfigurationDelegate [main] Bootstrapping Spring Data JDBC repositories in DEFAULT mode.
2022-02-02 12:07:55,582 [INFO] org.springframework.data.repository.config.RepositoryConfigurationExtensionSupport [main] Spring Data JDBC - Could not safely identify store assignment for repository candidate interface com.example.repository.DepartmentRepo. If you want this repository to be a JDBC repository, consider annotating your entities with one of these annotations: org.springframework.data.relational.core.mapping.Table.
2022-02-02 12:07:55,585 [INFO] org.springframework.data.repository.config.RepositoryConfigurationDelegate [main] Finished Spring Data repository scanning in 39 ms. Found 0 JDBC repository interfaces.
2022-02-02 12:07:55,598 [INFO] org.springframework.data.repository.config.RepositoryConfigurationDelegate [main] Multiple Spring Data modules found, entering strict repository configuration mode!
2022-02-02 12:07:55,600 [INFO] org.springframework.data.repository.config.RepositoryConfigurationDelegate [main] Bootstrapping Spring Data JPA repositories in DEFAULT mode.
2022-02-02 12:07:55,646 [INFO] org.springframework.data.repository.config.RepositoryConfigurationDelegate [main] Finished Spring Data repository scanning in 38 ms. Found 1 JPA repository interfaces.
2022-02-02 12:07:56,210 [INFO] com.zaxxer.hikari.HikariDataSource [main] HikariPool-1 - Starting...
2022-02-02 12:07:56,508 [INFO] com.zaxxer.hikari.HikariDataSource [main] HikariPool-1 - Start completed.
2022-02-02 12:07:56,605 [INFO] org.hibernate.jpa.internal.util.LogHelper [main] HHH000204: Processing PersistenceUnitInfo [name: default]
2022-02-02 12:07:56,682 [INFO] org.hibernate.Version [main] HHH000412: Hibernate ORM core version 5.6.4.Final
2022-02-02 12:07:56,883 [INFO] org.hibernate.annotations.common.Version [main] HCANN000001: Hibernate Commons Annotations {5.1.2.Final}
2022-02-02 12:07:57,020 [INFO] org.hibernate.dialect.Dialect [main] HHH000400: Using dialect: org.hibernate.dialect.H2Dialect
2022-02-02 12:07:57,562 [INFO] org.hibernate.engine.transaction.jta.platform.internal.JtaPlatformInitiator [main] HHH000490: Using JtaPlatform implementation: [org.hibernate.engine.transaction.jta.platform.internal.NoJtaPlatform]
2022-02-02 12:07:57,570 [INFO] org.springframework.orm.jpa.LocalContainerEntityManagerFactoryBean [main] Initialized JPA EntityManagerFactory for persistence unit 'default'
2022-02-02 12:07:58,216 [WARN] org.springframework.boot.autoconfigure.orm.jpa.JpaBaseConfiguration$JpaWebConfiguration [main] spring.jpa.open-in-view is enabled by default. Therefore, database queries may be performed during view rendering. Explicitly configure spring.jpa.open-in-view to disable this warning
2022-02-02 12:07:58,533 [INFO] org.springframework.boot.autoconfigure.h2.H2ConsoleAutoConfiguration [main] H2 console available at '/h2-console'. Database available at 'jdbc:h2:mem:testdb'
2022-02-02 12:07:58,992 [INFO] com.example.DepartmentapiApplicationTests [main] Started DepartmentapiApplicationTests in 4.408 seconds (JVM running for 5.392)
2022-02-02 12:07:59,113 [INFO] org.springframework.orm.jpa.LocalContainerEntityManagerFactoryBean [SpringApplicationShutdownHook] Closing JPA EntityManagerFactory for persistence unit 'default'
2022-02-02 12:07:59,114 [INFO] org.hibernate.tool.schema.internal.SchemaDropperImpl$DelayedDropActionImpl [SpringApplicationShutdownHook] HHH000477: Starting delayed evictData of schema as part of SessionFactory shut-down'
2022-02-02 12:07:59,116 [WARN] org.hibernate.engine.jdbc.spi.SqlExceptionHelper [SpringApplicationShutdownHook] SQL Error: 90121, SQLState: 90121
2022-02-02 12:07:59,116 [ERROR] org.hibernate.engine.jdbc.spi.SqlExceptionHelper [SpringApplicationShutdownHook] Database is already closed (to disable automatic closing at VM shutdown, add ";DB_CLOSE_ON_EXIT=FALSE" to the db URL) [90121-200]
2022-02-02 12:07:59,117 [WARN] org.hibernate.engine.jdbc.spi.SqlExceptionHelper [SpringApplicationShutdownHook] SQL Error: 90121, SQLState: 90121
2022-02-02 12:07:59,117 [ERROR] org.hibernate.engine.jdbc.spi.SqlExceptionHelper [SpringApplicationShutdownHook] Database is already closed (to disable automatic closing at VM shutdown, add ";DB_CLOSE_ON_EXIT=FALSE" to the db URL) [90121-200]
2022-02-02 12:07:59,117 [WARN] org.springframework.beans.factory.support.DisposableBeanAdapter [SpringApplicationShutdownHook] Invocation of destroy method failed on bean with name 'entityManagerFactory': org.hibernate.exception.JDBCConnectionException: Unable to release JDBC Connection used for DDL execution
2022-02-02 12:07:59,118 [INFO] com.zaxxer.hikari.HikariDataSource [SpringApplicationShutdownHook] HikariPool-1 - Shutdown initiated...
2022-02-02 12:07:59,121 [INFO] com.zaxxer.hikari.HikariDataSource [SpringApplicationShutdownHook] HikariPool-1 - Shutdown completed.
2022-02-02 12:08:18,620 [INFO] com.example.DepartmentapiApplication [main] Starting DepartmentapiApplication v0.0.1 using Java 11.0.13 on manu-pc with PID 26682 (/home/manu/Documents/workspace-spring-tool-suite-4-4.12.0.RELEASE/restapi/departmentapi/target/departmentapi-0.0.1.jar started by manu in /home/manu/Documents/workspace-spring-tool-suite-4-4.12.0.RELEASE/restapi/departmentapi)
2022-02-02 12:08:18,623 [INFO] com.example.DepartmentapiApplication [main] No active profile set, falling back to default profiles: default
2022-02-02 12:08:19,492 [INFO] org.springframework.data.repository.config.RepositoryConfigurationDelegate [main] Multiple Spring Data modules found, entering strict repository configuration mode!
2022-02-02 12:08:19,493 [INFO] org.springframework.data.repository.config.RepositoryConfigurationDelegate [main] Bootstrapping Spring Data JDBC repositories in DEFAULT mode.
2022-02-02 12:08:19,537 [INFO] org.springframework.data.repository.config.RepositoryConfigurationExtensionSupport [main] Spring Data JDBC - Could not safely identify store assignment for repository candidate interface com.example.repository.DepartmentRepo. If you want this repository to be a JDBC repository, consider annotating your entities with one of these annotations: org.springframework.data.relational.core.mapping.Table.
2022-02-02 12:08:19,538 [INFO] org.springframework.data.repository.config.RepositoryConfigurationDelegate [main] Finished Spring Data repository scanning in 38 ms. Found 0 JDBC repository interfaces.
2022-02-02 12:08:19,550 [INFO] org.springframework.data.repository.config.RepositoryConfigurationDelegate [main] Multiple Spring Data modules found, entering strict repository configuration mode!
2022-02-02 12:08:19,551 [INFO] org.springframework.data.repository.config.RepositoryConfigurationDelegate [main] Bootstrapping Spring Data JPA repositories in DEFAULT mode.
2022-02-02 12:08:19,620 [INFO] org.springframework.data.repository.config.RepositoryConfigurationDelegate [main] Finished Spring Data repository scanning in 59 ms. Found 1 JPA repository interfaces.
2022-02-02 12:08:20,520 [INFO] org.springframework.boot.web.embedded.tomcat.TomcatWebServer [main] Tomcat initialized with port(s): 9002 (http)
2022-02-02 12:08:20,542 [INFO] org.apache.catalina.core.StandardService [main] Starting service [Tomcat]
2022-02-02 12:08:20,542 [INFO] org.apache.catalina.core.StandardEngine [main] Starting Servlet engine: [Apache Tomcat/9.0.56]
2022-02-02 12:08:20,632 [INFO] org.apache.catalina.core.ContainerBase.[Tomcat].[localhost].[/] [main] Initializing Spring embedded WebApplicationContext
2022-02-02 12:08:20,633 [INFO] org.springframework.boot.web.servlet.context.ServletWebServerApplicationContext [main] Root WebApplicationContext: initialization completed in 1908 ms
2022-02-02 12:08:20,708 [INFO] com.zaxxer.hikari.HikariDataSource [main] HikariPool-1 - Starting...
2022-02-02 12:08:21,034 [INFO] com.zaxxer.hikari.HikariDataSource [main] HikariPool-1 - Start completed.
2022-02-02 12:08:21,053 [INFO] org.springframework.boot.autoconfigure.h2.H2ConsoleAutoConfiguration [main] H2 console available at '/h2-console'. Database available at 'jdbc:h2:mem:testdb'
2022-02-02 12:08:21,339 [INFO] org.hibernate.jpa.internal.util.LogHelper [main] HHH000204: Processing PersistenceUnitInfo [name: default]
2022-02-02 12:08:21,404 [INFO] org.hibernate.Version [main] HHH000412: Hibernate ORM core version 5.6.4.Final
2022-02-02 12:08:21,604 [INFO] org.hibernate.annotations.common.Version [main] HCANN000001: Hibernate Commons Annotations {5.1.2.Final}
2022-02-02 12:08:21,733 [INFO] org.hibernate.dialect.Dialect [main] HHH000400: Using dialect: org.hibernate.dialect.H2Dialect
2022-02-02 12:08:22,321 [INFO] org.hibernate.engine.transaction.jta.platform.internal.JtaPlatformInitiator [main] HHH000490: Using JtaPlatform implementation: [org.hibernate.engine.transaction.jta.platform.internal.NoJtaPlatform]
2022-02-02 12:08:22,329 [INFO] org.springframework.orm.jpa.LocalContainerEntityManagerFactoryBean [main] Initialized JPA EntityManagerFactory for persistence unit 'default'
2022-02-02 12:08:22,707 [WARN] org.springframework.boot.autoconfigure.orm.jpa.JpaBaseConfiguration$JpaWebConfiguration [main] spring.jpa.open-in-view is enabled by default. Therefore, database queries may be performed during view rendering. Explicitly configure spring.jpa.open-in-view to disable this warning
2022-02-02 12:08:23,263 [INFO] org.springframework.boot.web.embedded.tomcat.TomcatWebServer [main] Tomcat started on port(s): 9002 (http) with context path ''
2022-02-02 12:08:23,276 [INFO] com.example.DepartmentapiApplication [main] Started DepartmentapiApplication in 5.325 seconds (JVM running for 6.189)
2022-02-02 12:09:45,626 [INFO] org.apache.catalina.core.ContainerBase.[Tomcat].[localhost].[/] [http-nio-9002-exec-1] Initializing Spring DispatcherServlet 'dispatcherServlet'
2022-02-02 12:09:45,627 [INFO] org.springframework.web.servlet.DispatcherServlet [http-nio-9002-exec-1] Initializing Servlet 'dispatcherServlet'
2022-02-02 12:09:45,628 [INFO] org.springframework.web.servlet.DispatcherServlet [http-nio-9002-exec-1] Completed initialization in 1 ms
2022-02-02 12:10:08,001 [INFO] com.example.controller.DepartmnentController [http-nio-9002-exec-3] Inside DepartmentController class saveDepartment Method
2022-02-02 12:10:08,001 [INFO] com.example.service.DepartmentService [http-nio-9002-exec-3] Inside DepartmentService class saveDepartment method
2022-02-02 12:10:26,876 [INFO] org.springframework.orm.jpa.LocalContainerEntityManagerFactoryBean [SpringApplicationShutdownHook] Closing JPA EntityManagerFactory for persistence unit 'default'
2022-02-02 12:10:26,876 [INFO] org.hibernate.tool.schema.internal.SchemaDropperImpl$DelayedDropActionImpl [SpringApplicationShutdownHook] HHH000477: Starting delayed evictData of schema as part of SessionFactory shut-down'
2022-02-02 12:10:26,884 [INFO] com.zaxxer.hikari.HikariDataSource [SpringApplicationShutdownHook] HikariPool-1 - Shutdown initiated...
2022-02-02 12:10:26,887 [INFO] com.zaxxer.hikari.HikariDataSource [SpringApplicationShutdownHook] HikariPool-1 - Shutdown completed.
2022-02-02 12:16:01,654 [INFO] com.example.DepartmentapiApplicationTests [main] Starting DepartmentapiApplicationTests using Java 1.8.0_312 on manu-pc with PID 27272 (started by manu in /home/manu/Documents/workspace-spring-tool-suite-4-4.12.0.RELEASE/restapi/departmentapi)
2022-02-02 12:16:01,655 [INFO] com.example.DepartmentapiApplicationTests [main] No active profile set, falling back to default profiles: default
2022-02-02 12:16:02,297 [INFO] org.springframework.data.repository.config.RepositoryConfigurationDelegate [main] Multiple Spring Data modules found, entering strict repository configuration mode!
2022-02-02 12:16:02,298 [INFO] org.springframework.data.repository.config.RepositoryConfigurationDelegate [main] Bootstrapping Spring Data JDBC repositories in DEFAULT mode.
2022-02-02 12:16:02,329 [INFO] org.springframework.data.repository.config.RepositoryConfigurationExtensionSupport [main] Spring Data JDBC - Could not safely identify store assignment for repository candidate interface com.example.repository.DepartmentRepo. If you want this repository to be a JDBC repository, consider annotating your entities with one of these annotations: org.springframework.data.relational.core.mapping.Table.
2022-02-02 12:16:02,330 [INFO] org.springframework.data.repository.config.RepositoryConfigurationDelegate [main] Finished Spring Data repository scanning in 27 ms. Found 0 JDBC repository interfaces.
2022-02-02 12:16:02,346 [INFO] org.springframework.data.repository.config.RepositoryConfigurationDelegate [main] Multiple Spring Data modules found, entering strict repository configuration mode!
2022-02-02 12:16:02,347 [INFO] org.springframework.data.repository.config.RepositoryConfigurationDelegate [main] Bootstrapping Spring Data JPA repositories in DEFAULT mode.
2022-02-02 12:16:02,390 [INFO] org.springframework.data.repository.config.RepositoryConfigurationDelegate [main] Finished Spring Data repository scanning in 37 ms. Found 1 JPA repository interfaces.
2022-02-02 12:16:03,003 [INFO] com.zaxxer.hikari.HikariDataSource [main] HikariPool-1 - Starting...
2022-02-02 12:16:03,299 [INFO] com.zaxxer.hikari.HikariDataSource [main] HikariPool-1 - Start completed.
2022-02-02 12:16:03,375 [INFO] org.hibernate.jpa.internal.util.LogHelper [main] HHH000204: Processing PersistenceUnitInfo [name: default]
2022-02-02 12:16:03,445 [INFO] org.hibernate.Version [main] HHH000412: Hibernate ORM core version 5.6.4.Final
2022-02-02 12:16:03,628 [INFO] org.hibernate.annotations.common.Version [main] HCANN000001: Hibernate Commons Annotations {5.1.2.Final}
2022-02-02 12:16:03,760 [INFO] org.hibernate.dialect.Dialect [main] HHH000400: Using dialect: org.hibernate.dialect.H2Dialect
2022-02-02 12:16:04,327 [INFO] org.hibernate.engine.transaction.jta.platform.internal.JtaPlatformInitiator [main] HHH000490: Using JtaPlatform implementation: [org.hibernate.engine.transaction.jta.platform.internal.NoJtaPlatform]
2022-02-02 12:16:04,335 [INFO] org.springframework.orm.jpa.LocalContainerEntityManagerFactoryBean [main] Initialized JPA EntityManagerFactory for persistence unit 'default'
2022-02-02 12:16:05,086 [WARN] org.springframework.boot.autoconfigure.orm.jpa.JpaBaseConfiguration$JpaWebConfiguration [main] spring.jpa.open-in-view is enabled by default. Therefore, database queries may be performed during view rendering. Explicitly configure spring.jpa.open-in-view to disable this warning
2022-02-02 12:16:05,396 [INFO] org.springframework.boot.autoconfigure.h2.H2ConsoleAutoConfiguration [main] H2 console available at '/h2-console'. Database available at 'jdbc:h2:mem:testdb'
2022-02-02 12:16:05,738 [INFO] com.example.DepartmentapiApplicationTests [main] Started DepartmentapiApplicationTests in 4.387 seconds (JVM running for 5.211)
2022-02-02 12:16:06,042 [INFO] org.springframework.orm.jpa.LocalContainerEntityManagerFactoryBean [SpringApplicationShutdownHook] Closing JPA EntityManagerFactory for persistence unit 'default'
2022-02-02 12:16:06,043 [INFO] org.hibernate.tool.schema.internal.SchemaDropperImpl$DelayedDropActionImpl [SpringApplicationShutdownHook] HHH000477: Starting delayed evictData of schema as part of SessionFactory shut-down'
2022-02-02 12:16:06,045 [WARN] org.hibernate.engine.jdbc.spi.SqlExceptionHelper [SpringApplicationShutdownHook] SQL Error: 90121, SQLState: 90121
2022-02-02 12:16:06,046 [ERROR] org.hibernate.engine.jdbc.spi.SqlExceptionHelper [SpringApplicationShutdownHook] Database is already closed (to disable automatic closing at VM shutdown, add ";DB_CLOSE_ON_EXIT=FALSE" to the db URL) [90121-200]
2022-02-02 12:16:06,047 [WARN] org.hibernate.engine.jdbc.spi.SqlExceptionHelper [SpringApplicationShutdownHook] SQL Error: 90121, SQLState: 90121
2022-02-02 12:16:06,048 [ERROR] org.hibernate.engine.jdbc.spi.SqlExceptionHelper [SpringApplicationShutdownHook] Database is already closed (to disable automatic closing at VM shutdown, add ";DB_CLOSE_ON_EXIT=FALSE" to the db URL) [90121-200]
2022-02-02 12:16:06,048 [WARN] org.springframework.beans.factory.support.DisposableBeanAdapter [SpringApplicationShutdownHook] Invocation of destroy method failed on bean with name 'entityManagerFactory': org.hibernate.exception.JDBCConnectionException: Unable to release JDBC Connection used for DDL execution
2022-02-02 12:16:06,049 [INFO] com.zaxxer.hikari.HikariDataSource [SpringApplicationShutdownHook] HikariPool-1 - Shutdown initiated...
2022-02-02 12:16:06,051 [INFO] com.zaxxer.hikari.HikariDataSource [SpringApplicationShutdownHook] HikariPool-1 - Shutdown completed.
2022-02-02 12:16:28,672 [INFO] com.example.DepartmentapiApplication [main] Starting DepartmentapiApplication v0.0.1 using Java 11.0.13 on manu-pc with PID 27369 (/home/manu/Documents/workspace-spring-tool-suite-4-4.12.0.RELEASE/restapi/departmentapi/target/departmentapi-0.0.1.jar started by manu in /home/manu/Documents/workspace-spring-tool-suite-4-4.12.0.RELEASE/restapi/departmentapi)
2022-02-02 12:16:28,674 [INFO] com.example.DepartmentapiApplication [main] No active profile set, falling back to default profiles: default
2022-02-02 12:16:29,463 [INFO] org.springframework.data.repository.config.RepositoryConfigurationDelegate [main] Multiple Spring Data modules found, entering strict repository configuration mode!
2022-02-02 12:16:29,465 [INFO] org.springframework.data.repository.config.RepositoryConfigurationDelegate [main] Bootstrapping Spring Data JDBC repositories in DEFAULT mode.
2022-02-02 12:16:29,498 [INFO] org.springframework.data.repository.config.RepositoryConfigurationExtensionSupport [main] Spring Data JDBC - Could not safely identify store assignment for repository candidate interface com.example.repository.DepartmentRepo. If you want this repository to be a JDBC repository, consider annotating your entities with one of these annotations: org.springframework.data.relational.core.mapping.Table.
2022-02-02 12:16:29,499 [INFO] org.springframework.data.repository.config.RepositoryConfigurationDelegate [main] Finished Spring Data repository scanning in 30 ms. Found 0 JDBC repository interfaces.
2022-02-02 12:16:29,513 [INFO] org.springframework.data.repository.config.RepositoryConfigurationDelegate [main] Multiple Spring Data modules found, entering strict repository configuration mode!
2022-02-02 12:16:29,515 [INFO] org.springframework.data.repository.config.RepositoryConfigurationDelegate [main] Bootstrapping Spring Data JPA repositories in DEFAULT mode.
2022-02-02 12:16:29,577 [INFO] org.springframework.data.repository.config.RepositoryConfigurationDelegate [main] Finished Spring Data repository scanning in 54 ms. Found 1 JPA repository interfaces.
2022-02-02 12:16:30,250 [INFO] org.springframework.boot.web.embedded.tomcat.TomcatWebServer [main] Tomcat initialized with port(s): 9002 (http)
2022-02-02 12:16:30,266 [INFO] org.apache.catalina.core.StandardService [main] Starting service [Tomcat]
2022-02-02 12:16:30,267 [INFO] org.apache.catalina.core.StandardEngine [main] Starting Servlet engine: [Apache Tomcat/9.0.56]
2022-02-02 12:16:30,337 [INFO] org.apache.catalina.core.ContainerBase.[Tomcat].[localhost].[/] [main] Initializing Spring embedded WebApplicationContext
2022-02-02 12:16:30,337 [INFO] org.springframework.boot.web.servlet.context.ServletWebServerApplicationContext [main] Root WebApplicationContext: initialization completed in 1596 ms
2022-02-02 12:16:30,392 [INFO] com.zaxxer.hikari.HikariDataSource [main] HikariPool-1 - Starting...
2022-02-02 12:16:30,660 [INFO] com.zaxxer.hikari.HikariDataSource [main] HikariPool-1 - Start completed.
2022-02-02 12:16:30,675 [INFO] org.springframework.boot.autoconfigure.h2.H2ConsoleAutoConfiguration [main] H2 console available at '/h2-console'. Database available at 'jdbc:h2:mem:testdb'
2022-02-02 12:16:30,930 [INFO] org.hibernate.jpa.internal.util.LogHelper [main] HHH000204: Processing PersistenceUnitInfo [name: default]
2022-02-02 12:16:31,001 [INFO] org.hibernate.Version [main] HHH000412: Hibernate ORM core version 5.6.4.Final
2022-02-02 12:16:31,300 [INFO] org.hibernate.annotations.common.Version [main] HCANN000001: Hibernate Commons Annotations {5.1.2.Final}
2022-02-02 12:16:31,534 [INFO] org.hibernate.dialect.Dialect [main] HHH000400: Using dialect: org.hibernate.dialect.H2Dialect
2022-02-02 12:16:32,241 [INFO] org.hibernate.engine.transaction.jta.platform.internal.JtaPlatformInitiator [main] HHH000490: Using JtaPlatform implementation: [org.hibernate.engine.transaction.jta.platform.internal.NoJtaPlatform]
2022-02-02 12:16:32,248 [INFO] org.springframework.orm.jpa.LocalContainerEntityManagerFactoryBean [main] Initialized JPA EntityManagerFactory for persistence unit 'default'
2022-02-02 12:16:32,671 [WARN] org.springframework.boot.autoconfigure.orm.jpa.JpaBaseConfiguration$JpaWebConfiguration [main] spring.jpa.open-in-view is enabled by default. Therefore, database queries may be performed during view rendering. Explicitly configure spring.jpa.open-in-view to disable this warning
2022-02-02 12:16:33,174 [INFO] org.springframework.boot.web.embedded.tomcat.TomcatWebServer [main] Tomcat started on port(s): 9002 (http) with context path ''
2022-02-02 12:16:33,184 [INFO] com.example.DepartmentapiApplication [main] Started DepartmentapiApplication in 5.087 seconds (JVM running for 5.597)
2022-02-02 12:16:38,588 [INFO] org.apache.catalina.core.ContainerBase.[Tomcat].[localhost].[/] [http-nio-9002-exec-2] Initializing Spring DispatcherServlet 'dispatcherServlet'
2022-02-02 12:16:38,589 [INFO] org.springframework.web.servlet.DispatcherServlet [http-nio-9002-exec-2] Initializing Servlet 'dispatcherServlet'
2022-02-02 12:16:38,591 [INFO] org.springframework.web.servlet.DispatcherServlet [http-nio-9002-exec-2] Completed initialization in 2 ms
2022-02-02 12:16:47,985 [INFO] com.example.controller.DepartmnentController [http-nio-9002-exec-3] Inside DepartmentController class saveDepartment method
2022-02-02 12:16:47,985 [INFO] com.example.service.DepartmentService [http-nio-9002-exec-3] Inside DepartmentService class saveDepartment method
2022-02-02 12:16:57,207 [WARN] org.springframework.web.servlet.mvc.support.DefaultHandlerExceptionResolver [http-nio-9002-exec-4] Resolved [org.springframework.web.HttpRequestMethodNotSupportedException: Request method 'POST' not supported]
2022-02-02 12:17:03,131 [INFO] com.example.controller.DepartmnentController [http-nio-9002-exec-5] Inside DepartmentController class findDepartment method
2022-02-02 12:17:03,132 [INFO] com.example.service.DepartmentService [http-nio-9002-exec-5] Inside DepartmentService Class findDepartment method
2022-02-02 12:17:12,759 [INFO] org.springframework.orm.jpa.LocalContainerEntityManagerFactoryBean [SpringApplicationShutdownHook] Closing JPA EntityManagerFactory for persistence unit 'default'
2022-02-02 12:17:12,760 [INFO] org.hibernate.tool.schema.internal.SchemaDropperImpl$DelayedDropActionImpl [SpringApplicationShutdownHook] HHH000477: Starting delayed evictData of schema as part of SessionFactory shut-down'
2022-02-02 12:17:12,771 [INFO] com.zaxxer.hikari.HikariDataSource [SpringApplicationShutdownHook] HikariPool-1 - Shutdown initiated...
2022-02-02 12:17:12,774 [INFO] com.zaxxer.hikari.HikariDataSource [SpringApplicationShutdownHook] HikariPool-1 - Shutdown completed.
2022-02-02 12:20:15,359 [INFO] com.example.DepartmentapiApplicationTests [main] Starting DepartmentapiApplicationTests using Java 1.8.0_312 on manu-pc with PID 27689 (started by manu in /home/manu/Documents/workspace-spring-tool-suite-4-4.12.0.RELEASE/restapi/departmentapi)
2022-02-02 12:20:15,360 [INFO] com.example.DepartmentapiApplicationTests [main] No active profile set, falling back to default profiles: default
2022-02-02 12:20:16,007 [INFO] org.springframework.data.repository.config.RepositoryConfigurationDelegate [main] Multiple Spring Data modules found, entering strict repository configuration mode!
2022-02-02 12:20:16,008 [INFO] org.springframework.data.repository.config.RepositoryConfigurationDelegate [main] Bootstrapping Spring Data JDBC repositories in DEFAULT mode.
2022-02-02 12:20:16,042 [INFO] org.springframework.data.repository.config.RepositoryConfigurationExtensionSupport [main] Spring Data JDBC - Could not safely identify store assignment for repository candidate interface com.example.repository.DepartmentRepo. If you want this repository to be a JDBC repository, consider annotating your entities with one of these annotations: org.springframework.data.relational.core.mapping.Table.
2022-02-02 12:20:16,045 [INFO] org.springframework.data.repository.config.RepositoryConfigurationDelegate [main] Finished Spring Data repository scanning in 31 ms. Found 0 JDBC repository interfaces.
2022-02-02 12:20:16,062 [INFO] org.springframework.data.repository.config.RepositoryConfigurationDelegate [main] Multiple Spring Data modules found, entering strict repository configuration mode!
2022-02-02 12:20:16,063 [INFO] org.springframework.data.repository.config.RepositoryConfigurationDelegate [main] Bootstrapping Spring Data JPA repositories in DEFAULT mode.
2022-02-02 12:20:16,112 [INFO] org.springframework.data.repository.config.RepositoryConfigurationDelegate [main] Finished Spring Data repository scanning in 42 ms. Found 1 JPA repository interfaces.
2022-02-02 12:20:16,664 [INFO] com.zaxxer.hikari.HikariDataSource [main] HikariPool-1 - Starting...
2022-02-02 12:20:16,951 [INFO] com.zaxxer.hikari.HikariDataSource [main] HikariPool-1 - Start completed.
2022-02-02 12:20:17,046 [INFO] org.hibernate.jpa.internal.util.LogHelper [main] HHH000204: Processing PersistenceUnitInfo [name: default]
2022-02-02 12:20:17,111 [INFO] org.hibernate.Version [main] HHH000412: Hibernate ORM core version 5.6.4.Final
2022-02-02 12:20:17,304 [INFO] org.hibernate.annotations.common.Version [main] HCANN000001: Hibernate Commons Annotations {5.1.2.Final}
2022-02-02 12:20:17,442 [INFO] org.hibernate.dialect.Dialect [main] HHH000400: Using dialect: org.hibernate.dialect.H2Dialect
2022-02-02 12:20:17,970 [INFO] org.hibernate.engine.transaction.jta.platform.internal.JtaPlatformInitiator [main] HHH000490: Using JtaPlatform implementation: [org.hibernate.engine.transaction.jta.platform.internal.NoJtaPlatform]
2022-02-02 12:20:17,977 [INFO] org.springframework.orm.jpa.LocalContainerEntityManagerFactoryBean [main] Initialized JPA EntityManagerFactory for persistence unit 'default'
2022-02-02 12:20:18,659 [WARN] org.springframework.boot.autoconfigure.orm.jpa.JpaBaseConfiguration$JpaWebConfiguration [main] spring.jpa.open-in-view is enabled by default. Therefore, database queries may be performed during view rendering. Explicitly configure spring.jpa.open-in-view to disable this warning
2022-02-02 12:20:18,947 [INFO] org.springframework.boot.autoconfigure.h2.H2ConsoleAutoConfiguration [main] H2 console available at '/h2-console'. Database available at 'jdbc:h2:mem:testdb'
2022-02-02 12:20:19,414 [INFO] com.example.DepartmentapiApplicationTests [main] Started DepartmentapiApplicationTests in 4.314 seconds (JVM running for 5.233)
2022-02-02 12:20:19,687 [INFO] org.springframework.orm.jpa.LocalContainerEntityManagerFactoryBean [SpringApplicationShutdownHook] Closing JPA EntityManagerFactory for persistence unit 'default'
2022-02-02 12:20:19,688 [INFO] org.hibernate.tool.schema.internal.SchemaDropperImpl$DelayedDropActionImpl [SpringApplicationShutdownHook] HHH000477: Starting delayed evictData of schema as part of SessionFactory shut-down'
2022-02-02 12:20:19,690 [WARN] org.hibernate.engine.jdbc.spi.SqlExceptionHelper [SpringApplicationShutdownHook] SQL Error: 90121, SQLState: 90121
2022-02-02 12:20:19,690 [ERROR] org.hibernate.engine.jdbc.spi.SqlExceptionHelper [SpringApplicationShutdownHook] Database is already closed (to disable automatic closing at VM shutdown, add ";DB_CLOSE_ON_EXIT=FALSE" to the db URL) [90121-200]
2022-02-02 12:20:19,691 [WARN] org.hibernate.engine.jdbc.spi.SqlExceptionHelper [SpringApplicationShutdownHook] SQL Error: 90121, SQLState: 90121
2022-02-02 12:20:19,692 [ERROR] org.hibernate.engine.jdbc.spi.SqlExceptionHelper [SpringApplicationShutdownHook] Database is already closed (to disable automatic closing at VM shutdown, add ";DB_CLOSE_ON_EXIT=FALSE" to the db URL) [90121-200]
2022-02-02 12:20:19,693 [WARN] org.springframework.beans.factory.support.DisposableBeanAdapter [SpringApplicationShutdownHook] Invocation of destroy method failed on bean with name 'entityManagerFactory': org.hibernate.exception.JDBCConnectionException: Unable to release JDBC Connection used for DDL execution
2022-02-02 12:20:19,694 [INFO] com.zaxxer.hikari.HikariDataSource [SpringApplicationShutdownHook] HikariPool-1 - Shutdown initiated...
2022-02-02 12:20:19,699 [INFO] com.zaxxer.hikari.HikariDataSource [SpringApplicationShutdownHook] HikariPool-1 - Shutdown completed.
2022-02-02 12:20:40,248 [INFO] com.example.DepartmentapiApplication [main] Starting DepartmentapiApplication v0.0.1 using Java 11.0.13 on manu-pc with PID 27769 (/home/manu/Documents/workspace-spring-tool-suite-4-4.12.0.RELEASE/restapi/departmentapi/target/departmentapi-0.0.1.jar started by manu in /home/manu/Documents/workspace-spring-tool-suite-4-4.12.0.RELEASE/restapi/departmentapi)
2022-02-02 12:20:40,252 [INFO] com.example.DepartmentapiApplication [main] No active profile set, falling back to default profiles: default
2022-02-02 12:20:41,040 [INFO] org.springframework.data.repository.config.RepositoryConfigurationDelegate [main] Multiple Spring Data modules found, entering strict repository configuration mode!
2022-02-02 12:20:41,042 [INFO] org.springframework.data.repository.config.RepositoryConfigurationDelegate [main] Bootstrapping Spring Data JDBC repositories in DEFAULT mode.
2022-02-02 12:20:41,077 [INFO] org.springframework.data.repository.config.RepositoryConfigurationExtensionSupport [main] Spring Data JDBC - Could not safely identify store assignment for repository candidate interface com.example.repository.DepartmentRepo. If you want this repository to be a JDBC repository, consider annotating your entities with one of these annotations: org.springframework.data.relational.core.mapping.Table.
2022-02-02 12:20:41,078 [INFO] org.springframework.data.repository.config.RepositoryConfigurationDelegate [main] Finished Spring Data repository scanning in 29 ms. Found 0 JDBC repository interfaces.
2022-02-02 12:20:41,092 [INFO] org.springframework.data.repository.config.RepositoryConfigurationDelegate [main] Multiple Spring Data modules found, entering strict repository configuration mode!
2022-02-02 12:20:41,094 [INFO] org.springframework.data.repository.config.RepositoryConfigurationDelegate [main] Bootstrapping Spring Data JPA repositories in DEFAULT mode.
2022-02-02 12:20:41,153 [INFO] org.springframework.data.repository.config.RepositoryConfigurationDelegate [main] Finished Spring Data repository scanning in 51 ms. Found 1 JPA repository interfaces.
2022-02-02 12:20:41,827 [INFO] org.springframework.boot.web.embedded.tomcat.TomcatWebServer [main] Tomcat initialized with port(s): 9002 (http)
2022-02-02 12:20:41,843 [INFO] org.apache.catalina.core.StandardService [main] Starting service [Tomcat]
2022-02-02 12:20:41,844 [INFO] org.apache.catalina.core.StandardEngine [main] Starting Servlet engine: [Apache Tomcat/9.0.56]
2022-02-02 12:20:41,945 [INFO] org.apache.catalina.core.ContainerBase.[Tomcat].[localhost].[/] [main] Initializing Spring embedded WebApplicationContext
2022-02-02 12:20:41,945 [INFO] org.springframework.boot.web.servlet.context.ServletWebServerApplicationContext [main] Root WebApplicationContext: initialization completed in 1616 ms
2022-02-02 12:20:42,019 [INFO] com.zaxxer.hikari.HikariDataSource [main] HikariPool-1 - Starting...
2022-02-02 12:20:42,393 [INFO] com.zaxxer.hikari.HikariDataSource [main] HikariPool-1 - Start completed.
2022-02-02 12:20:42,412 [INFO] org.springframework.boot.autoconfigure.h2.H2ConsoleAutoConfiguration [main] H2 console available at '/h2-console'. Database available at 'jdbc:h2:mem:testdb'
2022-02-02 12:20:42,736 [INFO] org.hibernate.jpa.internal.util.LogHelper [main] HHH000204: Processing PersistenceUnitInfo [name: default]
2022-02-02 12:20:42,833 [INFO] org.hibernate.Version [main] HHH000412: Hibernate ORM core version 5.6.4.Final
2022-02-02 12:20:43,132 [INFO] org.hibernate.annotations.common.Version [main] HCANN000001: Hibernate Commons Annotations {5.1.2.Final}
2022-02-02 12:20:43,310 [INFO] org.hibernate.dialect.Dialect [main] HHH000400: Using dialect: org.hibernate.dialect.H2Dialect
2022-02-02 12:20:43,976 [INFO] org.hibernate.engine.transaction.jta.platform.internal.JtaPlatformInitiator [main] HHH000490: Using JtaPlatform implementation: [org.hibernate.engine.transaction.jta.platform.internal.NoJtaPlatform]
2022-02-02 12:20:43,986 [INFO] org.springframework.orm.jpa.LocalContainerEntityManagerFactoryBean [main] Initialized JPA EntityManagerFactory for persistence unit 'default'
2022-02-02 12:20:44,602 [WARN] org.springframework.boot.autoconfigure.orm.jpa.JpaBaseConfiguration$JpaWebConfiguration [main] spring.jpa.open-in-view is enabled by default. Therefore, database queries may be performed during view rendering. Explicitly configure spring.jpa.open-in-view to disable this warning
2022-02-02 12:20:45,306 [INFO] org.springframework.boot.web.embedded.tomcat.TomcatWebServer [main] Tomcat started on port(s): 9002 (http) with context path ''
2022-02-02 12:20:45,319 [INFO] com.example.DepartmentapiApplication [main] Started DepartmentapiApplication in 5.689 seconds (JVM running for 6.189)
2022-02-02 12:20:57,645 [INFO] org.apache.catalina.core.ContainerBase.[Tomcat].[localhost].[/] [http-nio-9002-exec-2] Initializing Spring DispatcherServlet 'dispatcherServlet'
2022-02-02 12:20:57,646 [INFO] org.springframework.web.servlet.DispatcherServlet [http-nio-9002-exec-2] Initializing Servlet 'dispatcherServlet'
2022-02-02 12:20:57,647 [INFO] org.springframework.web.servlet.DispatcherServlet [http-nio-9002-exec-2] Completed initialization in 1 ms
2022-02-02 12:20:57,791 [INFO] com.example.controller.DepartmnentController [http-nio-9002-exec-2] Inside DepartmentController class saveDepartment method
2022-02-02 12:20:57,791 [INFO] com.example.service.DepartmentService [http-nio-9002-exec-2] Inside DepartmentService class saveDepartment method
2022-02-02 12:21:23,887 [INFO] com.example.controller.DepartmnentController [http-nio-9002-exec-3] Inside DepartmentController class findDepartment method
2022-02-02 12:21:23,888 [INFO] com.example.service.DepartmentService [http-nio-9002-exec-3] Inside DepartmentService Class findDepartment method
2022-02-02 12:21:27,051 [INFO] org.springframework.orm.jpa.LocalContainerEntityManagerFactoryBean [SpringApplicationShutdownHook] Closing JPA EntityManagerFactory for persistence unit 'default'
2022-02-02 12:21:27,052 [INFO] org.hibernate.tool.schema.internal.SchemaDropperImpl$DelayedDropActionImpl [SpringApplicationShutdownHook] HHH000477: Starting delayed evictData of schema as part of SessionFactory shut-down'
2022-02-02 12:21:27,062 [INFO] com.zaxxer.hikari.HikariDataSource [SpringApplicationShutdownHook] HikariPool-1 - Shutdown initiated...
2022-02-02 12:21:27,066 [INFO] com.zaxxer.hikari.HikariDataSource [SpringApplicationShutdownHook] HikariPool-1 - Shutdown completed.
2022-02-02 12:46:35,344 [INFO] com.example.DepartmentapiApplicationTests [main] Starting DepartmentapiApplicationTests using Java 1.8.0_312 on manu-pc with PID 29691 (started by manu in /home/manu/Documents/workspace-spring-tool-suite-4-4.12.0.RELEASE/restapi/departmentapi)
2022-02-02 12:46:35,345 [INFO] com.example.DepartmentapiApplicationTests [main] No active profile set, falling back to default profiles: default
2022-02-02 12:46:36,048 [INFO] org.springframework.data.repository.config.RepositoryConfigurationDelegate [main] Multiple Spring Data modules found, entering strict repository configuration mode!
2022-02-02 12:46:36,051 [INFO] org.springframework.data.repository.config.RepositoryConfigurationDelegate [main] Bootstrapping Spring Data JDBC repositories in DEFAULT mode.
2022-02-02 12:46:36,091 [INFO] org.springframework.data.repository.config.RepositoryConfigurationExtensionSupport [main] Spring Data JDBC - Could not safely identify store assignment for repository candidate interface com.example.repository.DepartmentRepo. If you want this repository to be a JDBC repository, consider annotating your entities with one of these annotations: org.springframework.data.relational.core.mapping.Table.
2022-02-02 12:46:36,092 [INFO] org.springframework.data.repository.config.RepositoryConfigurationDelegate [main] Finished Spring Data repository scanning in 34 ms. Found 0 JDBC repository interfaces.
2022-02-02 12:46:36,107 [INFO] org.springframework.data.repository.config.RepositoryConfigurationDelegate [main] Multiple Spring Data modules found, entering strict repository configuration mode!
2022-02-02 12:46:36,109 [INFO] org.springframework.data.repository.config.RepositoryConfigurationDelegate [main] Bootstrapping Spring Data JPA repositories in DEFAULT mode.
2022-02-02 12:46:36,156 [INFO] org.springframework.data.repository.config.RepositoryConfigurationDelegate [main] Finished Spring Data repository scanning in 39 ms. Found 1 JPA repository interfaces.
2022-02-02 12:46:36,745 [INFO] com.zaxxer.hikari.HikariDataSource [main] HikariPool-1 - Starting...
2022-02-02 12:46:37,082 [INFO] com.zaxxer.hikari.HikariDataSource [main] HikariPool-1 - Start completed.
2022-02-02 12:46:37,166 [INFO] org.hibernate.jpa.internal.util.LogHelper [main] HHH000204: Processing PersistenceUnitInfo [name: default]
2022-02-02 12:46:37,237 [INFO] org.hibernate.Version [main] HHH000412: Hibernate ORM core version 5.6.4.Final
2022-02-02 12:46:37,434 [INFO] org.hibernate.annotations.common.Version [main] HCANN000001: Hibernate Commons Annotations {5.1.2.Final}
2022-02-02 12:46:37,573 [INFO] org.hibernate.dialect.Dialect [main] HHH000400: Using dialect: org.hibernate.dialect.H2Dialect
2022-02-02 12:46:38,095 [INFO] org.hibernate.engine.transaction.jta.platform.internal.JtaPlatformInitiator [main] HHH000490: Using JtaPlatform implementation: [org.hibernate.engine.transaction.jta.platform.internal.NoJtaPlatform]
2022-02-02 12:46:38,103 [INFO] org.springframework.orm.jpa.LocalContainerEntityManagerFactoryBean [main] Initialized JPA EntityManagerFactory for persistence unit 'default'
2022-02-02 12:46:38,782 [WARN] org.springframework.boot.autoconfigure.orm.jpa.JpaBaseConfiguration$JpaWebConfiguration [main] spring.jpa.open-in-view is enabled by default. Therefore, database queries may be performed during view rendering. Explicitly configure spring.jpa.open-in-view to disable this warning
2022-02-02 12:46:39,103 [INFO] org.springframework.boot.autoconfigure.h2.H2ConsoleAutoConfiguration [main] H2 console available at '/h2-console'. Database available at 'jdbc:h2:mem:testdb'
2022-02-02 12:46:39,522 [INFO] com.example.DepartmentapiApplicationTests [main] Started DepartmentapiApplicationTests in 4.466 seconds (JVM running for 5.438)
2022-02-02 12:46:39,787 [INFO] org.springframework.orm.jpa.LocalContainerEntityManagerFactoryBean [SpringApplicationShutdownHook] Closing JPA EntityManagerFactory for persistence unit 'default'
2022-02-02 12:46:39,788 [INFO] org.hibernate.tool.schema.internal.SchemaDropperImpl$DelayedDropActionImpl [SpringApplicationShutdownHook] HHH000477: Starting delayed evictData of schema as part of SessionFactory shut-down'
2022-02-02 12:46:39,791 [WARN] org.hibernate.engine.jdbc.spi.SqlExceptionHelper [SpringApplicationShutdownHook] SQL Error: 90121, SQLState: 90121
2022-02-02 12:46:39,791 [ERROR] org.hibernate.engine.jdbc.spi.SqlExceptionHelper [SpringApplicationShutdownHook] Database is already closed (to disable automatic closing at VM shutdown, add ";DB_CLOSE_ON_EXIT=FALSE" to the db URL) [90121-200]
2022-02-02 12:46:39,793 [WARN] org.hibernate.engine.jdbc.spi.SqlExceptionHelper [SpringApplicationShutdownHook] SQL Error: 90121, SQLState: 90121
2022-02-02 12:46:39,793 [ERROR] org.hibernate.engine.jdbc.spi.SqlExceptionHelper [SpringApplicationShutdownHook] Database is already closed (to disable automatic closing at VM shutdown, add ";DB_CLOSE_ON_EXIT=FALSE" to the db URL) [90121-200]
2022-02-02 12:46:39,794 [WARN] org.springframework.beans.factory.support.DisposableBeanAdapter [SpringApplicationShutdownHook] Invocation of destroy method failed on bean with name 'entityManagerFactory': org.hibernate.exception.JDBCConnectionException: Unable to release JDBC Connection used for DDL execution
2022-02-02 12:46:39,795 [INFO] com.zaxxer.hikari.HikariDataSource [SpringApplicationShutdownHook] HikariPool-1 - Shutdown initiated...
2022-02-02 12:46:39,801 [INFO] com.zaxxer.hikari.HikariDataSource [SpringApplicationShutdownHook] HikariPool-1 - Shutdown completed.
2022-02-02 12:47:04,286 [INFO] com.example.DepartmentapiApplication [main] Starting DepartmentapiApplication v0.0.1 using Java 11.0.13 on manu-pc with PID 29780 (/home/manu/Documents/workspace-spring-tool-suite-4-4.12.0.RELEASE/restapi/departmentapi/target/departmentapi-0.0.1.jar started by manu in /home/manu/Documents/workspace-spring-tool-suite-4-4.12.0.RELEASE/restapi/departmentapi)
2022-02-02 12:47:04,289 [INFO] com.example.DepartmentapiApplication [main] No active profile set, falling back to default profiles: default
2022-02-02 12:47:05,260 [INFO] org.springframework.data.repository.config.RepositoryConfigurationDelegate [main] Multiple Spring Data modules found, entering strict repository configuration mode!
2022-02-02 12:47:05,261 [INFO] org.springframework.data.repository.config.RepositoryConfigurationDelegate [main] Bootstrapping Spring Data JDBC repositories in DEFAULT mode.
2022-02-02 12:47:05,300 [INFO] org.springframework.data.repository.config.RepositoryConfigurationExtensionSupport [main] Spring Data JDBC - Could not safely identify store assignment for repository candidate interface com.example.repository.DepartmentRepo. If you want this repository to be a JDBC repository, consider annotating your entities with one of these annotations: org.springframework.data.relational.core.mapping.Table.
2022-02-02 12:47:05,301 [INFO] org.springframework.data.repository.config.RepositoryConfigurationDelegate [main] Finished Spring Data repository scanning in 34 ms. Found 0 JDBC repository interfaces.
2022-02-02 12:47:05,312 [INFO] org.springframework.data.repository.config.RepositoryConfigurationDelegate [main] Multiple Spring Data modules found, entering strict repository configuration mode!
2022-02-02 12:47:05,314 [INFO] org.springframework.data.repository.config.RepositoryConfigurationDelegate [main] Bootstrapping Spring Data JPA repositories in DEFAULT mode.
2022-02-02 12:47:05,376 [INFO] org.springframework.data.repository.config.RepositoryConfigurationDelegate [main] Finished Spring Data repository scanning in 54 ms. Found 1 JPA repository interfaces.
2022-02-02 12:47:06,116 [INFO] org.springframework.boot.web.embedded.tomcat.TomcatWebServer [main] Tomcat initialized with port(s): 9002 (http)
2022-02-02 12:47:06,136 [INFO] org.apache.catalina.core.StandardService [main] Starting service [Tomcat]
2022-02-02 12:47:06,138 [INFO] org.apache.catalina.core.StandardEngine [main] Starting Servlet engine: [Apache Tomcat/9.0.56]
2022-02-02 12:47:06,227 [INFO] org.apache.catalina.core.ContainerBase.[Tomcat].[localhost].[/] [main] Initializing Spring embedded WebApplicationContext
2022-02-02 12:47:06,228 [INFO] org.springframework.boot.web.servlet.context.ServletWebServerApplicationContext [main] Root WebApplicationContext: initialization completed in 1847 ms
2022-02-02 12:47:06,297 [INFO] com.zaxxer.hikari.HikariDataSource [main] HikariPool-1 - Starting...
2022-02-02 12:47:06,638 [INFO] com.zaxxer.hikari.HikariDataSource [main] HikariPool-1 - Start completed.
2022-02-02 12:47:06,656 [INFO] org.springframework.boot.autoconfigure.h2.H2ConsoleAutoConfiguration [main] H2 console available at '/h2-console'. Database available at 'jdbc:h2:mem:testdb'
2022-02-02 12:47:06,970 [INFO] org.hibernate.jpa.internal.util.LogHelper [main] HHH000204: Processing PersistenceUnitInfo [name: default]
2022-02-02 12:47:07,041 [INFO] org.hibernate.Version [main] HHH000412: Hibernate ORM core version 5.6.4.Final
2022-02-02 12:47:07,366 [INFO] org.hibernate.annotations.common.Version [main] HCANN000001: Hibernate Commons Annotations {5.1.2.Final}
2022-02-02 12:47:07,572 [INFO] org.hibernate.dialect.Dialect [main] HHH000400: Using dialect: org.hibernate.dialect.H2Dialect
2022-02-02 12:47:08,205 [INFO] org.hibernate.engine.transaction.jta.platform.internal.JtaPlatformInitiator [main] HHH000490: Using JtaPlatform implementation: [org.hibernate.engine.transaction.jta.platform.internal.NoJtaPlatform]
2022-02-02 12:47:08,216 [INFO] org.springframework.orm.jpa.LocalContainerEntityManagerFactoryBean [main] Initialized JPA EntityManagerFactory for persistence unit 'default'
2022-02-02 12:47:08,721 [WARN] org.springframework.boot.autoconfigure.orm.jpa.JpaBaseConfiguration$JpaWebConfiguration [main] spring.jpa.open-in-view is enabled by default. Therefore, database queries may be performed during view rendering. Explicitly configure spring.jpa.open-in-view to disable this warning
2022-02-02 12:47:09,301 [INFO] org.springframework.boot.web.embedded.tomcat.TomcatWebServer [main] Tomcat started on port(s): 9002 (http) with context path ''
2022-02-02 12:47:09,313 [INFO] com.example.DepartmentapiApplication [main] Started DepartmentapiApplication in 5.687 seconds (JVM running for 6.26)
2022-02-02 12:47:25,275 [INFO] org.apache.catalina.core.ContainerBase.[Tomcat].[localhost].[/] [http-nio-9002-exec-2] Initializing Spring DispatcherServlet 'dispatcherServlet'
2022-02-02 12:47:25,275 [INFO] org.springframework.web.servlet.DispatcherServlet [http-nio-9002-exec-2] Initializing Servlet 'dispatcherServlet'
2022-02-02 12:47:25,276 [INFO] org.springframework.web.servlet.DispatcherServlet [http-nio-9002-exec-2] Completed initialization in 1 ms
2022-02-02 12:47:25,411 [INFO] com.example.controller.DepartmnentController [http-nio-9002-exec-2] Inside DepartmentController class saveDepartment method
2022-02-02 12:47:25,411 [INFO] com.example.service.DepartmentService [http-nio-9002-exec-2] Inside DepartmentService class saveDepartment method
2022-02-02 12:48:56,977 [INFO] com.example.controller.DepartmnentController [http-nio-9002-exec-6] Inside DepartmentController class findDepartment method
2022-02-02 12:48:56,977 [INFO] com.example.service.DepartmentService [http-nio-9002-exec-6] Inside DepartmentService Class findDepartment method
2022-02-02 12:54:19,341 [INFO] com.example.controller.DepartmnentController [http-nio-9002-exec-9] Inside DepartmentController class findDepartment method
2022-02-02 12:54:19,341 [INFO] com.example.service.DepartmentService [http-nio-9002-exec-9] Inside DepartmentService Class findDepartment method
2022-02-02 12:54:31,949 [INFO] com.example.controller.DepartmnentController [http-nio-9002-exec-10] Inside DepartmentController class findDepartment method
2022-02-02 12:54:31,949 [INFO] com.example.service.DepartmentService [http-nio-9002-exec-10] Inside DepartmentService Class findDepartment method
2022-02-02 12:55:55,210 [INFO] com.example.controller.DepartmnentController [http-nio-9002-exec-3] Inside DepartmentController class findDepartment method
2022-02-02 12:55:55,210 [INFO] com.example.service.DepartmentService [http-nio-9002-exec-3] Inside DepartmentService Class findDepartment method
2022-02-02 12:56:19,221 [INFO] org.springframework.orm.jpa.LocalContainerEntityManagerFactoryBean [SpringApplicationShutdownHook] Closing JPA EntityManagerFactory for persistence unit 'default'
2022-02-02 12:56:19,222 [INFO] org.hibernate.tool.schema.internal.SchemaDropperImpl$DelayedDropActionImpl [SpringApplicationShutdownHook] HHH000477: Starting delayed evictData of schema as part of SessionFactory shut-down'
2022-02-02 12:56:19,246 [INFO] com.zaxxer.hikari.HikariDataSource [SpringApplicationShutdownHook] HikariPool-1 - Shutdown initiated...
2022-02-02 12:56:19,257 [INFO] com.zaxxer.hikari.HikariDataSource [SpringApplicationShutdownHook] HikariPool-1 - Shutdown completed.
